bottom
2
horizontal_0
2
left
2
right
0
top
0
vertical_0
2
bottom
2
horizontal_0
2
left
0
right
2
top
0
vertical_0
2
bottom
0
horizontal_0
2
left
2
right
0
top
2
vertical_0
2
bottom
0
horizontal_0
2
left
0
right
2
top
2
vertical_0
2

		*******************************************************
		***** Problem: Epetra::CrsMatrix
		***** Preconditioned GMRES solution
		***** ML (L=1, ~/Amesos_KLU_0, )
		***** No scaling
		*******************************************************

                iter:    0           residual = 0.000000e+00


		Solution time: 0.000065 (sec.)
		total iterations: 0
block = 0
side = 0

Printing data for View: side info for cell
  i    j    k    n    value  
-----------------------------------------------------
  0    0    0    0    1  
  0    0    0    1    0  
  0    0    1    0    0  
  0    0    1    1    0  
  0    0    2    0    0  
  0    0    2    1    0  
  0    0    3    0    1  
  0    0    3    1    2  
block = 0
side = 3

Printing data for View: side info for cell
  i    j    k    n    value  
-----------------------------------------------------
  0    0    0    0    1  
  0    0    0    1    0  
  0    0    1    0    0  
  0    0    1    1    0  
  0    0    2    0    0  
  0    0    2    1    0  
  0    0    3    0    1  
  0    0    3    1    2  

Printing data for View: local residual
  i    j    k    value  
------------------------------------------
  0    0    0    0.015625  
  0    1    0    0.015625  
  0    2    0    0.015625  
  0    3    0    0.015625  

Printing data for View: local Jacobian
  i    j    k    value  
------------------------------------------
  0    0    0    6  
  0    0    1    1.5  
  0    0    2    2.77556e-17  
  0    0    3    1.5  
  0    1    0    1.5  
  0    1    1    3.33333  
  0    1    2    0.166667  
  0    1    3    2.77556e-17  
  0    2    0    2.77556e-17  
  0    2    1    0.166667  
  0    2    2    0.666667  
  0    2    3    0.166667  
  0    3    0    1.5  
  0    3    1    2.77556e-17  
  0    3    2    0.166667  
  0    3    3    3.33333  
block = 0
side = 0

Printing data for View: side info for cell
  i    j    k    n    value  
-----------------------------------------------------
  0    0    0    0    1  
  0    0    0    1    0  
  0    0    1    0    2  
  0    0    1    1    5  
  0    0    2    0    0  
  0    0    2    1    0  
  0    0    3    0    0  
  0    0    3    1    0  
block = 0
side = 1

Printing data for View: side info for cell
  i    j    k    n    value  
-----------------------------------------------------
  0    0    0    0    1  
  0    0    0    1    0  
  0    0    1    0    2  
  0    0    1    1    5  
  0    0    2    0    0  
  0    0    2    1    0  
  0    0    3    0    0  
  0    0    3    1    0  

Printing data for View: local residual
  i    j    k    value  
------------------------------------------
  0    0    0    0.015625  
  0    1    0    0.015625  
  0    2    0    0.015625  
  0    3    0    0.015625  

Printing data for View: local Jacobian
  i    j    k    value  
------------------------------------------
  0    0    0    3.33333  
  0    0    1    1.16667  
  0    0    2    -0.166667  
  0    0    3    0.166667  
  0    1    0    1.16667  
  0    1    1    3.33333  
  0    1    2    0.166667  
  0    1    3    -0.166667  
  0    2    0    -0.166667  
  0    2    1    0.166667  
  0    2    2    0.666667  
  0    2    3    -0.166667  
  0    3    0    0.166667  
  0    3    1    -0.166667  
  0    3    2    -0.166667  
  0    3    3    0.666667  
block = 0
side = 2

Printing data for View: side info for cell
  i    j    k    n    value  
-----------------------------------------------------
  0    0    0    0    0  
  0    0    0    1    0  
  0    0    1    0    0  
  0    0    1    1    0  
  0    0    2    0    2  
  0    0    2    1    1  
  0    0    3    0    1  
  0    0    3    1    2  
block = 0
side = 3

Printing data for View: side info for cell
  i    j    k    n    value  
-----------------------------------------------------
  0    0    0    0    0  
  0    0    0    1    0  
  0    0    1    0    0  
  0    0    1    1    0  
  0    0    2    0    2  
  0    0    2    1    1  
  0    0    3    0    1  
  0    0    3    1    2  

Printing data for View: local residual
  i    j    k    value  
------------------------------------------
  0    0    0    0.015625  
  0    1    0    0.015625  
  0    2    0    0.015625  
  0    3    0    0.015625  

Printing data for View: local Jacobian
  i    j    k    value  
------------------------------------------
  0    0    0    3.33333  
  0    0    1    0.166667  
  0    0    2    -0.166667  
  0    0    3    1.16667  
  0    1    0    0.166667  
  0    1    1    0.666667  
  0    1    2    -0.166667  
  0    1    3    -0.166667  
  0    2    0    -0.166667  
  0    2    1    -0.166667  
  0    2    2    0.666667  
  0    2    3    0.166667  
  0    3    0    1.16667  
  0    3    1    -0.166667  
  0    3    2    0.166667  
  0    3    3    3.33333  
block = 0
side = 1

Printing data for View: side info for cell
  i    j    k    n    value  
-----------------------------------------------------
  0    0    0    0    0  
  0    0    0    1    0  
  0    0    1    0    2  
  0    0    1    1    5  
  0    0    2    0    2  
  0    0    2    1    1  
  0    0    3    0    0  
  0    0    3    1    0  
block = 0
side = 2

Printing data for View: side info for cell
  i    j    k    n    value  
-----------------------------------------------------
  0    0    0    0    0  
  0    0    0    1    0  
  0    0    1    0    2  
  0    0    1    1    5  
  0    0    2    0    2  
  0    0    2    1    1  
  0    0    3    0    0  
  0    0    3    1    0  

Printing data for View: local residual
  i    j    k    value  
------------------------------------------
  0    0    0    0.015625  
  0    1    0    0.015625  
  0    2    0    0.015625  
  0    3    0    0.015625  

Printing data for View: local Jacobian
  i    j    k    value  
------------------------------------------
  0    0    0    0.666667  
  0    0    1    -0.166667  
  0    0    2    -0.333333  
  0    0    3    -0.166667  
  0    1    0    -0.166667  
  0    1    1    0.666667  
  0    1    2    -0.166667  
  0    1    3    -0.333333  
  0    2    0    -0.333333  
  0    2    1    -0.166667  
  0    2    2    0.666667  
  0    2    3    -0.166667  
  0    3    0    -0.166667  
  0    3    1    -0.333333  
  0    3    2    -0.166667  
  0    3    3    0.666667  
block = 1
side = 0

Printing data for View: side info for cell
  i    j    k    n    value  
-----------------------------------------------------
  0    0    0    0    1  
  0    0    0    1    0  
  0    0    1    0    0  
  0    0    1    1    0  
  0    0    2    0    0  
  0    0    2    1    0  
  0    0    3    0    2  
  0    0    3    1    5  
block = 1
side = 3

Printing data for View: side info for cell
  i    j    k    n    value  
-----------------------------------------------------
  0    0    0    0    1  
  0    0    0    1    0  
  0    0    1    0    0  
  0    0    1    1    0  
  0    0    2    0    0  
  0    0    2    1    0  
  0    0    3    0    2  
  0    0    3    1    5  

Printing data for View: local residual
  i    j    k    value  
------------------------------------------
  0    0    0    0.015625  
  0    1    0    0.015625  
  0    2    0    0.015625  
  0    3    0    0.015625  

Printing data for View: local Jacobian
  i    j    k    value  
------------------------------------------
  0    0    0    3.33333  
  0    0    1    1.16667  
  0    0    2    -0.166667  
  0    0    3    0.166667  
  0    1    0    1.16667  
  0    1    1    3.33333  
  0    1    2    0.166667  
  0    1    3    -0.166667  
  0    2    0    -0.166667  
  0    2    1    0.166667  
  0    2    2    0.666667  
  0    2    3    -0.166667  
  0    3    0    0.166667  
  0    3    1    -0.166667  
  0    3    2    -0.166667  
  0    3    3    0.666667  
block = 1
side = 0

Printing data for View: side info for cell
  i    j    k    n    value  
-----------------------------------------------------
  0    0    0    0    1  
  0    0    0    1    0  
  0    0    1    0    1  
  0    0    1    1    3  
  0    0    2    0    0  
  0    0    2    1    0  
  0    0    3    0    0  
  0    0    3    1    0  
block = 1
side = 1

Printing data for View: side info for cell
  i    j    k    n    value  
-----------------------------------------------------
  0    0    0    0    1  
  0    0    0    1    0  
  0    0    1    0    1  
  0    0    1    1    3  
  0    0    2    0    0  
  0    0    2    1    0  
  0    0    3    0    0  
  0    0    3    1    0  

Printing data for View: local residual
  i    j    k    value  
------------------------------------------
  0    0    0    0.015625  
  0    1    0    0.015625  
  0    2    0    0.015625  
  0    3    0    0.015625  

Printing data for View: local Jacobian
  i    j    k    value  
------------------------------------------
  0    0    0    3.33333  
  0    0    1    1.5  
  0    0    2    5.55112e-17  
  0    0    3    0.166667  
  0    1    0    1.5  
  0    1    1    6  
  0    1    2    1.5  
  0    1    3    5.55112e-17  
  0    2    0    5.55112e-17  
  0    2    1    1.5  
  0    2    2    3.33333  
  0    2    3    0.166667  
  0    3    0    0.166667  
  0    3    1    5.55112e-17  
  0    3    2    0.166667  
  0    3    3    0.666667  
block = 1
side = 2

Printing data for View: side info for cell
  i    j    k    n    value  
-----------------------------------------------------
  0    0    0    0    0  
  0    0    0    1    0  
  0    0    1    0    0  
  0    0    1    1    0  
  0    0    2    0    2  
  0    0    2    1    1  
  0    0    3    0    2  
  0    0    3    1    5  
block = 1
side = 3

Printing data for View: side info for cell
  i    j    k    n    value  
-----------------------------------------------------
  0    0    0    0    0  
  0    0    0    1    0  
  0    0    1    0    0  
  0    0    1    1    0  
  0    0    2    0    2  
  0    0    2    1    1  
  0    0    3    0    2  
  0    0    3    1    5  

Printing data for View: local residual
  i    j    k    value  
------------------------------------------
  0    0    0    0.015625  
  0    1    0    0.015625  
  0    2    0    0.015625  
  0    3    0    0.015625  

Printing data for View: local Jacobian
  i    j    k    value  
------------------------------------------
  0    0    0    0.666667  
  0    0    1    -0.166667  
  0    0    2    -0.333333  
  0    0    3    -0.166667  
  0    1    0    -0.166667  
  0    1    1    0.666667  
  0    1    2    -0.166667  
  0    1    3    -0.333333  
  0    2    0    -0.333333  
  0    2    1    -0.166667  
  0    2    2    0.666667  
  0    2    3    -0.166667  
  0    3    0    -0.166667  
  0    3    1    -0.333333  
  0    3    2    -0.166667  
  0    3    3    0.666667  
block = 1
side = 1

Printing data for View: side info for cell
  i    j    k    n    value  
-----------------------------------------------------
  0    0    0    0    0  
  0    0    0    1    0  
  0    0    1    0    1  
  0    0    1    1    3  
  0    0    2    0    2  
  0    0    2    1    1  
  0    0    3    0    0  
  0    0    3    1    0  
block = 1
side = 2

Printing data for View: side info for cell
  i    j    k    n    value  
-----------------------------------------------------
  0    0    0    0    0  
  0    0    0    1    0  
  0    0    1    0    1  
  0    0    1    1    3  
  0    0    2    0    2  
  0    0    2    1    1  
  0    0    3    0    0  
  0    0    3    1    0  

Printing data for View: local residual
  i    j    k    value  
------------------------------------------
  0    0    0    0.015625  
  0    1    0    0.015625  
  0    2    0    0.015625  
  0    3    0    0.015625  

Printing data for View: local Jacobian
  i    j    k    value  
------------------------------------------
  0    0    0    0.666667  
  0    0    1    0.166667  
  0    0    2    -0.166667  
  0    0    3    -0.166667  
  0    1    0    0.166667  
  0    1    1    3.33333  
  0    1    2    1.16667  
  0    1    3    -0.166667  
  0    2    0    -0.166667  
  0    2    1    1.16667  
  0    2    2    3.33333  
  0    2    3    0.166667  
  0    3    0    -0.166667  
  0    3    1    -0.166667  
  0    3    2    0.166667  
  0    3    3    0.666667  
block = 2
side = 0

Printing data for View: side info for cell
  i    j    k    n    value  
-----------------------------------------------------
  0    0    0    0    2  
  0    0    0    1    1  
  0    0    1    0    0  
  0    0    1    1    0  
  0    0    2    0    0  
  0    0    2    1    0  
  0    0    3    0    1  
  0    0    3    1    2  
block = 2
side = 3

Printing data for View: side info for cell
  i    j    k    n    value  
-----------------------------------------------------
  0    0    0    0    2  
  0    0    0    1    1  
  0    0    1    0    0  
  0    0    1    1    0  
  0    0    2    0    0  
  0    0    2    1    0  
  0    0    3    0    1  
  0    0    3    1    2  

Printing data for View: local residual
  i    j    k    value  
------------------------------------------
  0    0    0    0.015625  
  0    1    0    0.015625  
  0    2    0    0.015625  
  0    3    0    0.015625  

Printing data for View: local Jacobian
  i    j    k    value  
------------------------------------------
  0    0    0    3.33333  
  0    0    1    0.166667  
  0    0    2    -0.166667  
  0    0    3    1.16667  
  0    1    0    0.166667  
  0    1    1    0.666667  
  0    1    2    -0.166667  
  0    1    3    -0.166667  
  0    2    0    -0.166667  
  0    2    1    -0.166667  
  0    2    2    0.666667  
  0    2    3    0.166667  
  0    3    0    1.16667  
  0    3    1    -0.166667  
  0    3    2    0.166667  
  0    3    3    3.33333  
block = 2
side = 0

Printing data for View: side info for cell
  i    j    k    n    value  
-----------------------------------------------------
  0    0    0    0    2  
  0    0    0    1    1  
  0    0    1    0    2  
  0    0    1    1    5  
  0    0    2    0    0  
  0    0    2    1    0  
  0    0    3    0    0  
  0    0    3    1    0  
block = 2
side = 1

Printing data for View: side info for cell
  i    j    k    n    value  
-----------------------------------------------------
  0    0    0    0    2  
  0    0    0    1    1  
  0    0    1    0    2  
  0    0    1    1    5  
  0    0    2    0    0  
  0    0    2    1    0  
  0    0    3    0    0  
  0    0    3    1    0  

Printing data for View: local residual
  i    j    k    value  
------------------------------------------
  0    0    0    0.015625  
  0    1    0    0.015625  
  0    2    0    0.015625  
  0    3    0    0.015625  

Printing data for View: local Jacobian
  i    j    k    value  
------------------------------------------
  0    0    0    0.666667  
  0    0    1    -0.166667  
  0    0    2    -0.333333  
  0    0    3    -0.166667  
  0    1    0    -0.166667  
  0    1    1    0.666667  
  0    1    2    -0.166667  
  0    1    3    -0.333333  
  0    2    0    -0.333333  
  0    2    1    -0.166667  
  0    2    2    0.666667  
  0    2    3    -0.166667  
  0    3    0    -0.166667  
  0    3    1    -0.333333  
  0    3    2    -0.166667  
  0    3    3    0.666667  
block = 2
side = 2

Printing data for View: side info for cell
  i    j    k    n    value  
-----------------------------------------------------
  0    0    0    0    0  
  0    0    0    1    0  
  0    0    1    0    0  
  0    0    1    1    0  
  0    0    2    0    1  
  0    0    2    1    4  
  0    0    3    0    1  
  0    0    3    1    2  
block = 2
side = 3

Printing data for View: side info for cell
  i    j    k    n    value  
-----------------------------------------------------
  0    0    0    0    0  
  0    0    0    1    0  
  0    0    1    0    0  
  0    0    1    1    0  
  0    0    2    0    1  
  0    0    2    1    4  
  0    0    3    0    1  
  0    0    3    1    2  

Printing data for View: local residual
  i    j    k    value  
------------------------------------------
  0    0    0    0.015625  
  0    1    0    0.015625  
  0    2    0    0.015625  
  0    3    0    0.015625  

Printing data for View: local Jacobian
  i    j    k    value  
------------------------------------------
  0    0    0    3.33333  
  0    0    1    0.166667  
  0    0    2    1.52656e-16  
  0    0    3    1.5  
  0    1    0    0.166667  
  0    1    1    0.666667  
  0    1    2    0.166667  
  0    1    3    -4.16334e-17  
  0    2    0    9.71445e-17  
  0    2    1    0.166667  
  0    2    2    3.33333  
  0    2    3    1.5  
  0    3    0    1.5  
  0    3    1    6.93889e-17  
  0    3    2    1.5  
  0    3    3    6  
block = 2
side = 1

Printing data for View: side info for cell
  i    j    k    n    value  
-----------------------------------------------------
  0    0    0    0    0  
  0    0    0    1    0  
  0    0    1    0    2  
  0    0    1    1    5  
  0    0    2    0    1  
  0    0    2    1    4  
  0    0    3    0    0  
  0    0    3    1    0  
block = 2
side = 2

Printing data for View: side info for cell
  i    j    k    n    value  
-----------------------------------------------------
  0    0    0    0    0  
  0    0    0    1    0  
  0    0    1    0    2  
  0    0    1    1    5  
  0    0    2    0    1  
  0    0    2    1    4  
  0    0    3    0    0  
  0    0    3    1    0  

Printing data for View: local residual
  i    j    k    value  
------------------------------------------
  0    0    0    0.015625  
  0    1    0    0.015625  
  0    2    0    0.015625  
  0    3    0    0.015625  

Printing data for View: local Jacobian
  i    j    k    value  
------------------------------------------
  0    0    0    0.666667  
  0    0    1    -0.166667  
  0    0    2    -0.166667  
  0    0    3    0.166667  
  0    1    0    -0.166667  
  0    1    1    0.666667  
  0    1    2    0.166667  
  0    1    3    -0.166667  
  0    2    0    -0.166667  
  0    2    1    0.166667  
  0    2    2    3.33333  
  0    2    3    1.16667  
  0    3    0    0.166667  
  0    3    1    -0.166667  
  0    3    2    1.16667  
  0    3    3    3.33333  
block = 3
side = 0

Printing data for View: side info for cell
  i    j    k    n    value  
-----------------------------------------------------
  0    0    0    0    2  
  0    0    0    1    1  
  0    0    1    0    0  
  0    0    1    1    0  
  0    0    2    0    0  
  0    0    2    1    0  
  0    0    3    0    2  
  0    0    3    1    5  
block = 3
side = 3

Printing data for View: side info for cell
  i    j    k    n    value  
-----------------------------------------------------
  0    0    0    0    2  
  0    0    0    1    1  
  0    0    1    0    0  
  0    0    1    1    0  
  0    0    2    0    0  
  0    0    2    1    0  
  0    0    3    0    2  
  0    0    3    1    5  

Printing data for View: local residual
  i    j    k    value  
------------------------------------------
  0    0    0    0.015625  
  0    1    0    0.015625  
  0    2    0    0.015625  
  0    3    0    0.015625  

Printing data for View: local Jacobian
  i    j    k    value  
------------------------------------------
  0    0    0    0.666667  
  0    0    1    -0.166667  
  0    0    2    -0.333333  
  0    0    3    -0.166667  
  0    1    0    -0.166667  
  0    1    1    0.666667  
  0    1    2    -0.166667  
  0    1    3    -0.333333  
  0    2    0    -0.333333  
  0    2    1    -0.166667  
  0    2    2    0.666667  
  0    2    3    -0.166667  
  0    3    0    -0.166667  
  0    3    1    -0.333333  
  0    3    2    -0.166667  
  0    3    3    0.666667  
block = 3
side = 0

Printing data for View: side info for cell
  i    j    k    n    value  
-----------------------------------------------------
  0    0    0    0    2  
  0    0    0    1    1  
  0    0    1    0    1  
  0    0    1    1    3  
  0    0    2    0    0  
  0    0    2    1    0  
  0    0    3    0    0  
  0    0    3    1    0  
block = 3
side = 1

Printing data for View: side info for cell
  i    j    k    n    value  
-----------------------------------------------------
  0    0    0    0    2  
  0    0    0    1    1  
  0    0    1    0    1  
  0    0    1    1    3  
  0    0    2    0    0  
  0    0    2    1    0  
  0    0    3    0    0  
  0    0    3    1    0  

Printing data for View: local residual
  i    j    k    value  
------------------------------------------
  0    0    0    0.015625  
  0    1    0    0.015625  
  0    2    0    0.015625  
  0    3    0    0.015625  

Printing data for View: local Jacobian
  i    j    k    value  
------------------------------------------
  0    0    0    0.666667  
  0    0    1    0.166667  
  0    0    2    -0.166667  
  0    0    3    -0.166667  
  0    1    0    0.166667  
  0    1    1    3.33333  
  0    1    2    1.16667  
  0    1    3    -0.166667  
  0    2    0    -0.166667  
  0    2    1    1.16667  
  0    2    2    3.33333  
  0    2    3    0.166667  
  0    3    0    -0.166667  
  0    3    1    -0.166667  
  0    3    2    0.166667  
  0    3    3    0.666667  
block = 3
side = 2

Printing data for View: side info for cell
  i    j    k    n    value  
-----------------------------------------------------
  0    0    0    0    0  
  0    0    0    1    0  
  0    0    1    0    0  
  0    0    1    1    0  
  0    0    2    0    1  
  0    0    2    1    4  
  0    0    3    0    2  
  0    0    3    1    5  
block = 3
side = 3

Printing data for View: side info for cell
  i    j    k    n    value  
-----------------------------------------------------
  0    0    0    0    0  
  0    0    0    1    0  
  0    0    1    0    0  
  0    0    1    1    0  
  0    0    2    0    1  
  0    0    2    1    4  
  0    0    3    0    2  
  0    0    3    1    5  

Printing data for View: local residual
  i    j    k    value  
------------------------------------------
  0    0    0    0.015625  
  0    1    0    0.015625  
  0    2    0    0.015625  
  0    3    0    0.015625  

Printing data for View: local Jacobian
  i    j    k    value  
------------------------------------------
  0    0    0    0.666667  
  0    0    1    -0.166667  
  0    0    2    -0.166667  
  0    0    3    0.166667  
  0    1    0    -0.166667  
  0    1    1    0.666667  
  0    1    2    0.166667  
  0    1    3    -0.166667  
  0    2    0    -0.166667  
  0    2    1    0.166667  
  0    2    2    3.33333  
  0    2    3    1.16667  
  0    3    0    0.166667  
  0    3    1    -0.166667  
  0    3    2    1.16667  
  0    3    3    3.33333  
block = 3
side = 1

Printing data for View: side info for cell
  i    j    k    n    value  
-----------------------------------------------------
  0    0    0    0    0  
  0    0    0    1    0  
  0    0    1    0    1  
  0    0    1    1    3  
  0    0    2    0    1  
  0    0    2    1    4  
  0    0    3    0    0  
  0    0    3    1    0  
block = 3
side = 2

Printing data for View: side info for cell
  i    j    k    n    value  
-----------------------------------------------------
  0    0    0    0    0  
  0    0    0    1    0  
  0    0    1    0    1  
  0    0    1    1    3  
  0    0    2    0    1  
  0    0    2    1    4  
  0    0    3    0    0  
  0    0    3    1    0  

Printing data for View: local residual
  i    j    k    value  
------------------------------------------
  0    0    0    0.015625  
  0    1    0    0.015625  
  0    2    0    0.015625  
  0    3    0    0.015625  

Printing data for View: local Jacobian
  i    j    k    value  
------------------------------------------
  0    0    0    0.666667  
  0    0    1    0.166667  
  0    0    2    -1.11022e-16  
  0    0    3    0.166667  
  0    1    0    0.166667  
  0    1    1    3.33333  
  0    1    2    1.5  
  0    1    3    2.77556e-17  
  0    2    0    -1.11022e-16  
  0    2    1    1.5  
  0    2    2    6  
  0    2    3    1.5  
  0    3    0    0.166667  
  0    3    1    2.77556e-17  
  0    3    2    1.5  
  0    3    3    3.33333  

*********************************************************
***** Iteration: 0
***** Scaled Norm of nonlinear residual: 1
*********************************************************

		*******************************************************
		***** Problem: Epetra::CrsMatrix
		***** Preconditioned GMRES solution
		***** ML (L=1, ~/Amesos_KLU_0, )
		***** No scaling
		*******************************************************

                iter:    0           residual = 1.000000e+00
                iter:    1           residual = 5.803060e-13


		Solution time: 0.000114 (sec.)
		total iterations: 1
block = 0
side = 0

Printing data for View: side info for cell
  i    j    k    n    value  
-----------------------------------------------------
  0    0    0    0    1  
  0    0    0    1    0  
  0    0    1    0    0  
  0    0    1    1    0  
  0    0    2    0    0  
  0    0    2    1    0  
  0    0    3    0    1  
  0    0    3    1    2  
block = 0
side = 3

Printing data for View: side info for cell
  i    j    k    n    value  
-----------------------------------------------------
  0    0    0    0    1  
  0    0    0    1    0  
  0    0    1    0    0  
  0    0    1    1    0  
  0    0    2    0    0  
  0    0    2    1    0  
  0    0    3    0    1  
  0    0    3    1    2  

Printing data for View: local residual
  i    j    k    value  
------------------------------------------
  0    0    0    0.0216588  
  0    1    0    0.0114361  
  0    2    0    -0.000460064  
  0    3    0    0.0248447  

Printing data for View: local Jacobian
  i    j    k    value  
------------------------------------------
  0    0    0    6  
  0    0    1    1.5  
  0    0    2    2.77556e-17  
  0    0    3    1.5  
  0    1    0    1.5  
  0    1    1    3.33333  
  0    1    2    0.166667  
  0    1    3    2.77556e-17  
  0    2    0    2.77556e-17  
  0    2    1    0.166667  
  0    2    2    0.666667  
  0    2    3    0.166667  
  0    3    0    1.5  
  0    3    1    2.77556e-17  
  0    3    2    0.166667  
  0    3    3    3.33333  
block = 0
side = 0

Printing data for View: side info for cell
  i    j    k    n    value  
-----------------------------------------------------
  0    0    0    0    1  
  0    0    0    1    0  
  0    0    1    0    2  
  0    0    1    1    5  
  0    0    2    0    0  
  0    0    2    1    0  
  0    0    3    0    0  
  0    0    3    1    0  
block = 0
side = 1

Printing data for View: side info for cell
  i    j    k    n    value  
-----------------------------------------------------
  0    0    0    0    1  
  0    0    0    1    0  
  0    0    1    0    2  
  0    0    1    1    5  
  0    0    2    0    0  
  0    0    2    1    0  
  0    0    3    0    0  
  0    0    3    1    0  

Printing data for View: local residual
  i    j    k    value  
------------------------------------------
  0    0    0    0.0108942  
  0    1    0    0.0203558  
  0    2    0    0.0219817  
  0    3    0    -0.00167244  

Printing data for View: local Jacobian
  i    j    k    value  
------------------------------------------
  0    0    0    3.33333  
  0    0    1    1.16667  
  0    0    2    -0.166667  
  0    0    3    0.166667  
  0    1    0    1.16667  
  0    1    1    3.33333  
  0    1    2    0.166667  
  0    1    3    -0.166667  
  0    2    0    -0.166667  
  0    2    1    0.166667  
  0    2    2    0.666667  
  0    2    3    -0.166667  
  0    3    0    0.166667  
  0    3    1    -0.166667  
  0    3    2    -0.166667  
  0    3    3    0.666667  
block = 0
side = 2

Printing data for View: side info for cell
  i    j    k    n    value  
-----------------------------------------------------
  0    0    0    0    0  
  0    0    0    1    0  
  0    0    1    0    0  
  0    0    1    1    0  
  0    0    2    0    2  
  0    0    2    1    1  
  0    0    3    0    1  
  0    0    3    1    2  
block = 0
side = 3

Printing data for View: side info for cell
  i    j    k    n    value  
-----------------------------------------------------
  0    0    0    0    0  
  0    0    0    1    0  
  0    0    1    0    0  
  0    0    1    1    0  
  0    0    2    0    2  
  0    0    2    1    1  
  0    0    3    0    1  
  0    0    3    1    2  

Printing data for View: local residual
  i    j    k    value  
------------------------------------------
  0    0    0    0.0208221  
  0    1    0    0.00135888  
  0    2    0    0.0140582  
  0    3    0    0.00881434  

Printing data for View: local Jacobian
  i    j    k    value  
------------------------------------------
  0    0    0    3.33333  
  0    0    1    0.166667  
  0    0    2    -0.166667  
  0    0    3    1.16667  
  0    1    0    0.166667  
  0    1    1    0.666667  
  0    1    2    -0.166667  
  0    1    3    -0.166667  
  0    2    0    -0.166667  
  0    2    1    -0.166667  
  0    2    2    0.666667  
  0    2    3    0.166667  
  0    3    0    1.16667  
  0    3    1    -0.166667  
  0    3    2    0.166667  
  0    3    3    3.33333  
block = 0
side = 1

Printing data for View: side info for cell
  i    j    k    n    value  
-----------------------------------------------------
  0    0    0    0    0  
  0    0    0    1    0  
  0    0    1    0    2  
  0    0    1    1    5  
  0    0    2    0    2  
  0    0    2    1    1  
  0    0    3    0    0  
  0    0    3    1    0  
block = 0
side = 2

Printing data for View: side info for cell
  i    j    k    n    value  
-----------------------------------------------------
  0    0    0    0    0  
  0    0    0    1    0  
  0    0    1    0    2  
  0    0    1    1    5  
  0    0    2    0    2  
  0    0    2    1    1  
  0    0    3    0    0  
  0    0    3    1    0  

Printing data for View: local residual
  i    j    k    value  
------------------------------------------
  0    0    0    0.00077362  
  0    1    0    0.0248378  
  0    2    0    0.021835  
  0    3    0    0.0150536  

Printing data for View: local Jacobian
  i    j    k    value  
------------------------------------------
  0    0    0    0.666667  
  0    0    1    -0.166667  
  0    0    2    -0.333333  
  0    0    3    -0.166667  
  0    1    0    -0.166667  
  0    1    1    0.666667  
  0    1    2    -0.166667  
  0    1    3    -0.333333  
  0    2    0    -0.333333  
  0    2    1    -0.166667  
  0    2    2    0.666667  
  0    2    3    -0.166667  
  0    3    0    -0.166667  
  0    3    1    -0.333333  
  0    3    2    -0.166667  
  0    3    3    0.666667  
block = 1
side = 0

Printing data for View: side info for cell
  i    j    k    n    value  
-----------------------------------------------------
  0    0    0    0    1  
  0    0    0    1    0  
  0    0    1    0    0  
  0    0    1    1    0  
  0    0    2    0    0  
  0    0    2    1    0  
  0    0    3    0    2  
  0    0    3    1    5  
block = 1
side = 3

Printing data for View: side info for cell
  i    j    k    n    value  
-----------------------------------------------------
  0    0    0    0    1  
  0    0    0    1    0  
  0    0    1    0    0  
  0    0    1    1    0  
  0    0    2    0    0  
  0    0    2    1    0  
  0    0    3    0    2  
  0    0    3    1    5  

Printing data for View: local residual
  i    j    k    value  
------------------------------------------
  0    0    0    -0.00881434  
  0    1    0    -0.0090472  
  0    2    0    -0.00593916  
  0    3    0    -0.0162934  

Printing data for View: local Jacobian
  i    j    k    value  
------------------------------------------
  0    0    0    3.33333  
  0    0    1    1.16667  
  0    0    2    -0.166667  
  0    0    3    0.166667  
  0    1    0    1.16667  
  0    1    1    3.33333  
  0    1    2    0.166667  
  0    1    3    -0.166667  
  0    2    0    -0.166667  
  0    2    1    0.166667  
  0    2    2    0.666667  
  0    2    3    -0.166667  
  0    3    0    0.166667  
  0    3    1    -0.166667  
  0    3    2    -0.166667  
  0    3    3    0.666667  
block = 1
side = 0

Printing data for View: side info for cell
  i    j    k    n    value  
-----------------------------------------------------
  0    0    0    0    1  
  0    0    0    1    0  
  0    0    1    0    1  
  0    0    1    1    3  
  0    0    2    0    0  
  0    0    2    1    0  
  0    0    3    0    0  
  0    0    3    1    0  
block = 1
side = 1

Printing data for View: side info for cell
  i    j    k    n    value  
-----------------------------------------------------
  0    0    0    0    1  
  0    0    0    1    0  
  0    0    1    0    1  
  0    0    1    1    3  
  0    0    2    0    0  
  0    0    2    1    0  
  0    0    3    0    0  
  0    0    3    1    0  

Printing data for View: local residual
  i    j    k    value  
------------------------------------------
  0    0    0    -0.0200646  
  0    1    0    -0.0297047  
  0    2    0    -0.022955  
  0    3    0    -0.0179235  

Printing data for View: local Jacobian
  i    j    k    value  
------------------------------------------
  0    0    0    3.33333  
  0    0    1    1.5  
  0    0    2    5.55112e-17  
  0    0    3    0.166667  
  0    1    0    1.5  
  0    1    1    6  
  0    1    2    1.5  
  0    1    3    5.55112e-17  
  0    2    0    5.55112e-17  
  0    2    1    1.5  
  0    2    2    3.33333  
  0    2    3    0.166667  
  0    3    0    0.166667  
  0    3    1    5.55112e-17  
  0    3    2    0.166667  
  0    3    3    0.666667  
block = 1
side = 2

Printing data for View: side info for cell
  i    j    k    n    value  
-----------------------------------------------------
  0    0    0    0    0  
  0    0    0    1    0  
  0    0    1    0    0  
  0    0    1    1    0  
  0    0    2    0    2  
  0    0    2    1    1  
  0    0    3    0    2  
  0    0    3    1    5  
block = 1
side = 3

Printing data for View: side info for cell
  i    j    k    n    value  
-----------------------------------------------------
  0    0    0    0    0  
  0    0    0    1    0  
  0    0    1    0    0  
  0    0    1    1    0  
  0    0    2    0    2  
  0    0    2    1    1  
  0    0    3    0    2  
  0    0    3    1    5  

Printing data for View: local residual
  i    j    k    value  
------------------------------------------
  0    0    0    0.0162934  
  0    1    0    0.030136  
  0    2    0    0.0160706  
  0    3    0    7.08825e-14  

Printing data for View: local Jacobian
  i    j    k    value  
------------------------------------------
  0    0    0    0.666667  
  0    0    1    -0.166667  
  0    0    2    -0.333333  
  0    0    3    -0.166667  
  0    1    0    -0.166667  
  0    1    1    0.666667  
  0    1    2    -0.166667  
  0    1    3    -0.333333  
  0    2    0    -0.333333  
  0    2    1    -0.166667  
  0    2    2    0.666667  
  0    2    3    -0.166667  
  0    3    0    -0.166667  
  0    3    1    -0.333333  
  0    3    2    -0.166667  
  0    3    3    0.666667  
block = 1
side = 1

Printing data for View: side info for cell
  i    j    k    n    value  
-----------------------------------------------------
  0    0    0    0    0  
  0    0    0    1    0  
  0    0    1    0    1  
  0    0    1    1    3  
  0    0    2    0    2  
  0    0    2    1    1  
  0    0    3    0    0  
  0    0    3    1    0  
block = 1
side = 2

Printing data for View: side info for cell
  i    j    k    n    value  
-----------------------------------------------------
  0    0    0    0    0  
  0    0    0    1    0  
  0    0    1    0    1  
  0    0    1    1    3  
  0    0    2    0    2  
  0    0    2    1    1  
  0    0    3    0    0  
  0    0    3    1    0  

Printing data for View: local residual
  i    j    k    value  
------------------------------------------
  0    0    0    -0.00627333  
  0    1    0    -0.0103129  
  0    2    0    -0.00532747  
  0    3    0    -0.0160706  

Printing data for View: local Jacobian
  i    j    k    value  
------------------------------------------
  0    0    0    0.666667  
  0    0    1    0.166667  
  0    0    2    -0.166667  
  0    0    3    -0.166667  
  0    1    0    0.166667  
  0    1    1    3.33333  
  0    1    2    1.16667  
  0    1    3    -0.166667  
  0    2    0    -0.166667  
  0    2    1    1.16667  
  0    2    2    3.33333  
  0    2    3    0.166667  
  0    3    0    -0.166667  
  0    3    1    -0.166667  
  0    3    2    0.166667  
  0    3    3    0.666667  
block = 2
side = 0

Printing data for View: side info for cell
  i    j    k    n    value  
-----------------------------------------------------
  0    0    0    0    2  
  0    0    0    1    1  
  0    0    1    0    0  
  0    0    1    1    0  
  0    0    2    0    0  
  0    0    2    1    0  
  0    0    3    0    1  
  0    0    3    1    2  
block = 2
side = 3

Printing data for View: side info for cell
  i    j    k    n    value  
-----------------------------------------------------
  0    0    0    0    2  
  0    0    0    1    1  
  0    0    1    0    0  
  0    0    1    1    0  
  0    0    2    0    0  
  0    0    2    1    0  
  0    0    3    0    1  
  0    0    3    1    2  

Printing data for View: local residual
  i    j    k    value  
------------------------------------------
  0    0    0    0.0152708  
  0    1    0    -0.000410452  
  0    2    0    0.0214126  
  0    3    0    0.0306118  

Printing data for View: local Jacobian
  i    j    k    value  
------------------------------------------
  0    0    0    3.33333  
  0    0    1    0.166667  
  0    0    2    -0.166667  
  0    0    3    1.16667  
  0    1    0    0.166667  
  0    1    1    0.666667  
  0    1    2    -0.166667  
  0    1    3    -0.166667  
  0    2    0    -0.166667  
  0    2    1    -0.166667  
  0    2    2    0.666667  
  0    2    3    0.166667  
  0    3    0    1.16667  
  0    3    1    -0.166667  
  0    3    2    0.166667  
  0    3    3    3.33333  
block = 2
side = 0

Printing data for View: side info for cell
  i    j    k    n    value  
-----------------------------------------------------
  0    0    0    0    2  
  0    0    0    1    1  
  0    0    1    0    2  
  0    0    1    1    5  
  0    0    2    0    0  
  0    0    2    1    0  
  0    0    3    0    0  
  0    0    3    1    0  
block = 2
side = 1

Printing data for View: side info for cell
  i    j    k    n    value  
-----------------------------------------------------
  0    0    0    0    2  
  0    0    0    1    1  
  0    0    1    0    2  
  0    0    1    1    5  
  0    0    2    0    0  
  0    0    2    1    0  
  0    0    3    0    0  
  0    0    3    1    0  

Printing data for View: local residual
  i    j    k    value  
------------------------------------------
  0    0    0    0.000410452  
  0    1    0    0.0188145  
  0    2    0    0.0222649  
  0    3    0    0.0210102  

Printing data for View: local Jacobian
  i    j    k    value  
------------------------------------------
  0    0    0    0.666667  
  0    0    1    -0.166667  
  0    0    2    -0.333333  
  0    0    3    -0.166667  
  0    1    0    -0.166667  
  0    1    1    0.666667  
  0    1    2    -0.166667  
  0    1    3    -0.333333  
  0    2    0    -0.333333  
  0    2    1    -0.166667  
  0    2    2    0.666667  
  0    2    3    -0.166667  
  0    3    0    -0.166667  
  0    3    1    -0.333333  
  0    3    2    -0.166667  
  0    3    3    0.666667  
block = 2
side = 2

Printing data for View: side info for cell
  i    j    k    n    value  
-----------------------------------------------------
  0    0    0    0    0  
  0    0    0    1    0  
  0    0    1    0    0  
  0    0    1    1    0  
  0    0    2    0    1  
  0    0    2    1    4  
  0    0    3    0    1  
  0    0    3    1    2  
block = 2
side = 3

Printing data for View: side info for cell
  i    j    k    n    value  
-----------------------------------------------------
  0    0    0    0    0  
  0    0    0    1    0  
  0    0    1    0    0  
  0    0    1    1    0  
  0    0    2    0    1  
  0    0    2    1    4  
  0    0    3    0    1  
  0    0    3    1    2  

Printing data for View: local residual
  i    j    k    value  
------------------------------------------
  0    0    0    0.020722  
  0    1    0    0.0162719  
  0    2    0    -0.0172936  
  0    3    0    -0.0161584  

Printing data for View: local Jacobian
  i    j    k    value  
------------------------------------------
  0    0    0    3.33333  
  0    0    1    0.166667  
  0    0    2    1.52656e-16  
  0    0    3    1.5  
  0    1    0    0.166667  
  0    1    1    0.666667  
  0    1    2    0.166667  
  0    1    3    -4.16334e-17  
  0    2    0    9.71445e-17  
  0    2    1    0.166667  
  0    2    2    3.33333  
  0    2    3    1.5  
  0    3    0    1.5  
  0    3    1    6.93889e-17  
  0    3    2    1.5  
  0    3    3    6  
block = 2
side = 1

Printing data for View: side info for cell
  i    j    k    n    value  
-----------------------------------------------------
  0    0    0    0    0  
  0    0    0    1    0  
  0    0    1    0    2  
  0    0    1    1    5  
  0    0    2    0    1  
  0    0    2    1    4  
  0    0    3    0    0  
  0    0    3    1    0  
block = 2
side = 2

Printing data for View: side info for cell
  i    j    k    n    value  
-----------------------------------------------------
  0    0    0    0    0  
  0    0    0    1    0  
  0    0    1    0    2  
  0    0    1    1    5  
  0    0    2    0    1  
  0    0    2    1    4  
  0    0    3    0    0  
  0    0    3    1    0  

Printing data for View: local residual
  i    j    k    value  
------------------------------------------
  0    0    0    0.0163914  
  0    1    0    0.015538  
  0    2    0    -0.00483155  
  0    3    0    -0.0147  

Printing data for View: local Jacobian
  i    j    k    value  
------------------------------------------
  0    0    0    0.666667  
  0    0    1    -0.166667  
  0    0    2    -0.166667  
  0    0    3    0.166667  
  0    1    0    -0.166667  
  0    1    1    0.666667  
  0    1    2    0.166667  
  0    1    3    -0.166667  
  0    2    0    -0.166667  
  0    2    1    0.166667  
  0    2    2    3.33333  
  0    2    3    1.16667  
  0    3    0    0.166667  
  0    3    1    -0.166667  
  0    3    2    1.16667  
  0    3    3    3.33333  
block = 3
side = 0

Printing data for View: side info for cell
  i    j    k    n    value  
-----------------------------------------------------
  0    0    0    0    2  
  0    0    0    1    1  
  0    0    1    0    0  
  0    0    1    1    0  
  0    0    2    0    0  
  0    0    2    1    0  
  0    0    3    0    2  
  0    0    3    1    5  
block = 3
side = 3

Printing data for View: side info for cell
  i    j    k    n    value  
-----------------------------------------------------
  0    0    0    0    2  
  0    0    0    1    1  
  0    0    1    0    0  
  0    0    1    1    0  
  0    0    2    0    0  
  0    0    2    1    0  
  0    0    3    0    2  
  0    0    3    1    5  

Printing data for View: local residual
  i    j    k    value  
------------------------------------------
  0    0    0    0.0240281  
  0    1    0    0.0175977  
  0    2    0    0.00252319  
  0    3    0    0.018351  

Printing data for View: local Jacobian
  i    j    k    value  
------------------------------------------
  0    0    0    0.666667  
  0    0    1    -0.166667  
  0    0    2    -0.333333  
  0    0    3    -0.166667  
  0    1    0    -0.166667  
  0    1    1    0.666667  
  0    1    2    -0.166667  
  0    1    3    -0.333333  
  0    2    0    -0.333333  
  0    2    1    -0.166667  
  0    2    2    0.666667  
  0    2    3    -0.166667  
  0    3    0    -0.166667  
  0    3    1    -0.333333  
  0    3    2    -0.166667  
  0    3    3    0.666667  
block = 3
side = 0

Printing data for View: side info for cell
  i    j    k    n    value  
-----------------------------------------------------
  0    0    0    0    2  
  0    0    0    1    1  
  0    0    1    0    1  
  0    0    1    1    3  
  0    0    2    0    0  
  0    0    2    1    0  
  0    0    3    0    0  
  0    0    3    1    0  
block = 3
side = 1

Printing data for View: side info for cell
  i    j    k    n    value  
-----------------------------------------------------
  0    0    0    0    2  
  0    0    0    1    1  
  0    0    1    0    1  
  0    0    1    1    3  
  0    0    2    0    0  
  0    0    2    1    0  
  0    0    3    0    0  
  0    0    3    1    0  

Printing data for View: local residual
  i    j    k    value  
------------------------------------------
  0    0    0    0.014396  
  0    1    0    0.00483155  
  0    2    0    -0.000241714  
  0    3    0    -1.08696e-05  

Printing data for View: local Jacobian
  i    j    k    value  
------------------------------------------
  0    0    0    0.666667  
  0    0    1    0.166667  
  0    0    2    -0.166667  
  0    0    3    -0.166667  
  0    1    0    0.166667  
  0    1    1    3.33333  
  0    1    2    1.16667  
  0    1    3    -0.166667  
  0    2    0    -0.166667  
  0    2    1    1.16667  
  0    2    2    3.33333  
  0    2    3    0.166667  
  0    3    0    -0.166667  
  0    3    1    -0.166667  
  0    3    2    0.166667  
  0    3    3    0.666667  
block = 3
side = 2

Printing data for View: side info for cell
  i    j    k    n    value  
-----------------------------------------------------
  0    0    0    0    0  
  0    0    0    1    0  
  0    0    1    0    0  
  0    0    1    1    0  
  0    0    2    0    1  
  0    0    2    1    4  
  0    0    3    0    2  
  0    0    3    1    5  
block = 3
side = 3

Printing data for View: side info for cell
  i    j    k    n    value  
-----------------------------------------------------
  0    0    0    0    0  
  0    0    0    1    0  
  0    0    1    0    0  
  0    0    1    1    0  
  0    0    2    0    1  
  0    0    2    1    4  
  0    0    3    0    2  
  0    0    3    1    5  

Printing data for View: local residual
  i    j    k    value  
------------------------------------------
  0    0    0    0.0149169  
  0    1    0    -0.000155095  
  0    2    0    -0.000239549  
  0    3    0    0.00532747  

Printing data for View: local Jacobian
  i    j    k    value  
------------------------------------------
  0    0    0    0.666667  
  0    0    1    -0.166667  
  0    0    2    -0.166667  
  0    0    3    0.166667  
  0    1    0    -0.166667  
  0    1    1    0.666667  
  0    1    2    0.166667  
  0    1    3    -0.166667  
  0    2    0    -0.166667  
  0    2    1    0.166667  
  0    2    2    3.33333  
  0    2    3    1.16667  
  0    3    0    0.166667  
  0    3    1    -0.166667  
  0    3    2    1.16667  
  0    3    3    3.33333  
block = 3
side = 1

Printing data for View: side info for cell
  i    j    k    n    value  
-----------------------------------------------------
  0    0    0    0    0  
  0    0    0    1    0  
  0    0    1    0    1  
  0    0    1    1    3  
  0    0    2    0    1  
  0    0    2    1    4  
  0    0    3    0    0  
  0    0    3    1    0  
block = 3
side = 2

Printing data for View: side info for cell
  i    j    k    n    value  
-----------------------------------------------------
  0    0    0    0    0  
  0    0    0    1    0  
  0    0    1    0    1  
  0    0    1    1    3  
  0    0    2    0    1  
  0    0    2    1    4  
  0    0    3    0    0  
  0    0    3    1    0  

Printing data for View: local residual
  i    j    k    value  
------------------------------------------
  0    0    0    -0.00235723  
  0    1    0    0.000241714  
  0    2    0    -4.89582e-15  
  0    3    0    0.000239549  

Printing data for View: local Jacobian
  i    j    k    value  
------------------------------------------
  0    0    0    0.666667  
  0    0    1    0.166667  
  0    0    2    -1.11022e-16  
  0    0    3    0.166667  
  0    1    0    0.166667  
  0    1    1    3.33333  
  0    1    2    1.5  
  0    1    3    2.77556e-17  
  0    2    0    -1.11022e-16  
  0    2    1    1.5  
  0    2    2    6  
  0    2    3    1.5  
  0    3    0    0.166667  
  0    3    1    2.77556e-17  
  0    3    2    1.5  
  0    3    3    3.33333  

*********************************************************
***** Iteration: 1
***** Scaled Norm of nonlinear residual: 1.13412e-12
*********************************************************

*********************************************************
***** Performing verification ******

***** L2 norm of the error for e = 0.0043866  (time = 0)
***** L2 norm of the error for e = 0.0197559  (time = 0)
***** L2 norm of the error for e = 0.00277523  (time = 0)
***** L2 norm of the error for e = 0.00549354  (time = 0)

*********************************************************
***** Writing the solution to output.exo
*********************************************************

*********************************************************
***** Finished Writing the solution to output.exo
*********************************************************
======================================================================================================

                                 TimeMonitor results over 1 processor

Timer Name                                                                 Global time (num calls)    
------------------------------------------------------------------------------------------------------
Epetra_CrsMatrix::Multiply(TransA,X,Y)                                     5e-06 (4)                  
MILO::cell::computeJacRes() - adjoint residual                             4e-06 (32)                 
MILO::cell::computeJacRes() - boundary residual                            0.002628 (32)              
MILO::cell::computeJacRes() - fill local Jacobian                          1.8e-05 (32)               
MILO::cell::computeJacRes() - fill local residual                          1e-05 (32)                 
MILO::cell::computeJacRes() - transient residual                           0 (32)                     
MILO::cell::computeJacRes() - volume residual                              0.000169 (32)              
MILO::cell::computeSolnSideIP()                                            0.000416 (64)              
MILO::cell::computeSolnVolIP()                                             0.000403 (32)              
MILO::driver - total run time                                              0.02921 (1)                
------------------------------------------------------------------------------------------------------
MILO::driver - total setup and execution time                              0.04512 (1)                
MILO::physics::getDirichletValue()                                         2.3e-05 (160)              
MILO::physics::getInitial()                                                1e-05 (16)                 
MILO::physics::response()                                                  0 (0)                      
MILO::physics::target()                                                    0 (0)                      
MILO::physics::trueSolution()                                              6e-06 (64)                 
MILO::solver::computeJacRes() - boundary evaluation                        0 (0)                      
MILO::solver::computeJacRes() - fill complete                              0 (0)                      
MILO::solver::computeJacRes() - gather                                     6e-06 (8)                  
MILO::solver::computeJacRes() - insert                                     7e-05 (32)                 
------------------------------------------------------------------------------------------------------
MILO::solver::computeJacRes() - multiscale projection                      0 (0)                      
MILO::solver::computeJacRes() - physics evaluation                         0.003283 (32)              
MILO::solver::computeJacRes() - strong Dirichlet BCs                       0.000113 (2)               
MILO::solver::computeJacRes() - total assembly                             0.005514 (2)               
MILO::solver::linearSolver()                                               0.008646 (2)               
MILO::thermal::boundaryResidual() - evaluation of residual                 0.002018 (64)              
MILO::thermal::boundaryResidual() - function evaluation                    0.000143 (64)              
MILO::thermal::computeFlux() - evaluation of flux                          0 (0)                      
MILO::thermal::computeFlux() - function evaluation                         0 (0)                      
MILO::thermal::volumeResidual() - evaluation of residual                   8.5e-05 (32)               
------------------------------------------------------------------------------------------------------
MILO::thermal::volumeResidual() - function evaluation                      6.5e-05 (32)               
MILO::workset::computeParamSideIP                                          8e-06 (64)                 
MILO::workset::computeParamVolIP                                           2e-06 (32)                 
MILO::workset::computeSolnSideIP                                           6e-05 (64)                 
MILO::workset::computeSolnVolIP                                            8.4e-05 (48)               
MILO::workset::reset*                                                      0.000103 (240)             
MILO::workset::update - integration data                                   0.00019 (96)               
MILO::workset::update::HGRADTransformGrad                                  0.000188 (96)              
MILO::workset::update::multiplyMeasure                                     0.000293 (192)             
MILO::workset::updateSide - basis data                                     0.000227 (64)              
------------------------------------------------------------------------------------------------------
MILO::workset::updateSide - integration data                               5.4e-05 (64)               
STK_Interface::setupExodusFile(filename)                                   0.002815 (4)               
STK_Interface::writeToExodus(timestep)                                     0.011 (4)                  
panzer::DOFManager::buildGlobalUnknowns                                    0.000403 (1)               
panzer::DOFManager::buildGlobalUnknowns::build_ghosted_array               6e-06 (1)                  
panzer::DOFManager::buildGlobalUnknowns::build_local_ids                   1.5e-05 (1)                
panzer::DOFManager::buildGlobalUnknowns::build_orientation                 1.5e-05 (1)                
panzer::DOFManager::buildGlobalUnknowns::build_owned_vector                2e-05 (1)                  
panzer::DOFManager::buildGlobalUnknowns_GUN                                0.000153 (1)               
panzer::DOFManager::buildGlobalUnknowns_GUN::line_04 createOneToOne        7e-06 (1)                  
------------------------------------------------------------------------------------------------------
panzer::DOFManager::buildGlobalUnknowns_GUN::line_05 alloc_unique_mv       7e-06 (1)                  
panzer::DOFManager::buildGlobalUnknowns_GUN::line_06 export                8e-05 (1)                  
panzer::DOFManager::buildGlobalUnknowns_GUN::line_07-09 local_count        2e-06 (1)                  
panzer::DOFManager::buildGlobalUnknowns_GUN::line_10 prefix_sum            2.2e-05 (1)                
panzer::DOFManager::buildGlobalUnknowns_GUN::line_13-21 gid_assignment     2e-06 (1)                  
panzer::DOFManager::buildGlobalUnknowns_GUN::line_23 final_import          1.1e-05 (1)                
panzer::DOFManager::buildTaggedMultiVector                                 0.000132 (1)               
panzer::DOFManager::buildTaggedMultiVector::allocate_tagged_multivector    4.4e-05 (1)                
panzer::DOFManager::buildTaggedMultiVector::fill_tagged_multivector        1.2e-05 (1)                
panzer::DOFManager::builderOverlapMapFromElements                          4.7e-05 (1)                
------------------------------------------------------------------------------------------------------
panzer::SquareQuadMeshFactory::buildUncomittedMesh()                       0.000146 (1)               
panzer::SquareQuadMeshFactory::completeMeshConstruction()                  0.002482 (1)               
======================================================================================================
