
Printing data for DynRankView: basisvals_Transformed
  i    j    k    value  
------------------------------------------
  0    0    0    0.25  
  0    1    0    0.25  
  0    2    0    0.25  
  0    3    0    0.25  

Printing data for DynRankView: basisgrads_Transformed
  i    j    k    n    value  
-----------------------------------------------------
  0    0    0    0    -5  
  0    0    0    1    -5  
  0    1    0    0    5  
  0    1    0    1    -5  
  0    2    0    0    5  
  0    2    0    1    5  
  0    3    0    0    -5  
  0    3    0    1    5  

Printing data for DynRankView: basisvals_Transformed
  i    j    k    value  
------------------------------------------
  0    0    0    0.25  
  0    1    0    0.25  
  0    2    0    0.25  
  0    3    0    0.25  

Printing data for DynRankView: basisgrads_Transformed
  i    j    k    n    value  
-----------------------------------------------------
  0    0    0    0    -5  
  0    0    0    1    -5  
  0    1    0    0    5  
  0    1    0    1    -5  
  0    2    0    0    5  
  0    2    0    1    5  
  0    3    0    0    -5  
  0    3    0    1    5  

Printing data for DynRankView: basisvals_Transformed
  i    j    k    value  
------------------------------------------
  0    0    0    0.25  
  0    1    0    0.25  
  0    2    0    0.25  
  0    3    0    0.25  

Printing data for DynRankView: basisgrads_Transformed
  i    j    k    n    value  
-----------------------------------------------------
  0    0    0    0    -5  
  0    0    0    1    -5  
  0    1    0    0    5  
  0    1    0    1    -5  
  0    2    0    0    5  
  0    2    0    1    5  
  0    3    0    0    -5  
  0    3    0    1    5  

Printing data for DynRankView: basisvals_Transformed
  i    j    k    value  
------------------------------------------
  0    0    0    0.25  
  0    1    0    0.25  
  0    2    0    0.25  
  0    3    0    0.25  

Printing data for DynRankView: basisgrads_Transformed
  i    j    k    n    value  
-----------------------------------------------------
  0    0    0    0    -5  
  0    0    0    1    -5  
  0    1    0    0    5  
  0    1    0    1    -5  
  0    2    0    0    5  
  0    2    0    1    5  
  0    3    0    0    -5  
  0    3    0    1    5  

Printing data for DynRankView: basisvals_Transformed
  i    j    k    value  
------------------------------------------
  0    0    0    0.25  
  0    1    0    0.25  
  0    2    0    0.25  
  0    3    0    0.25  

Printing data for DynRankView: basisgrads_Transformed
  i    j    k    n    value  
-----------------------------------------------------
  0    0    0    0    -5  
  0    0    0    1    -5  
  0    1    0    0    5  
  0    1    0    1    -5  
  0    2    0    0    5  
  0    2    0    1    5  
  0    3    0    0    -5  
  0    3    0    1    5  

Printing data for DynRankView: basisvals_Transformed
  i    j    k    value  
------------------------------------------
  0    0    0    0.25  
  0    1    0    0.25  
  0    2    0    0.25  
  0    3    0    0.25  

Printing data for DynRankView: basisgrads_Transformed
  i    j    k    n    value  
-----------------------------------------------------
  0    0    0    0    -5  
  0    0    0    1    -5  
  0    1    0    0    5  
  0    1    0    1    -5  
  0    2    0    0    5  
  0    2    0    1    5  
  0    3    0    0    -5  
  0    3    0    1    5  

Printing data for DynRankView: basisvals_Transformed
  i    j    k    value  
------------------------------------------
  0    0    0    0.25  
  0    1    0    0.25  
  0    2    0    0.25  
  0    3    0    0.25  

Printing data for DynRankView: basisgrads_Transformed
  i    j    k    n    value  
-----------------------------------------------------
  0    0    0    0    -5  
  0    0    0    1    -5  
  0    1    0    0    5  
  0    1    0    1    -5  
  0    2    0    0    5  
  0    2    0    1    5  
  0    3    0    0    -5  
  0    3    0    1    5  

Printing data for DynRankView: basisvals_Transformed
  i    j    k    value  
------------------------------------------
  0    0    0    0.25  
  0    1    0    0.25  
  0    2    0    0.25  
  0    3    0    0.25  

Printing data for DynRankView: basisgrads_Transformed
  i    j    k    n    value  
-----------------------------------------------------
  0    0    0    0    -5  
  0    0    0    1    -5  
  0    1    0    0    5  
  0    1    0    1    -5  
  0    2    0    0    5  
  0    2    0    1    5  
  0    3    0    0    -5  
  0    3    0    1    5  

Printing data for DynRankView: basisvals_Transformed
  i    j    k    value  
------------------------------------------
  0    0    0    0.25  
  0    1    0    0.25  
  0    2    0    0.25  
  0    3    0    0.25  

Printing data for DynRankView: basisgrads_Transformed
  i    j    k    n    value  
-----------------------------------------------------
  0    0    0    0    -5  
  0    0    0    1    -5  
  0    1    0    0    5  
  0    1    0    1    -5  
  0    2    0    0    5  
  0    2    0    1    5  
  0    3    0    0    -5  
  0    3    0    1    5  

Printing data for DynRankView: basisvals_Transformed
  i    j    k    value  
------------------------------------------
  0    0    0    0.25  
  0    1    0    0.25  
  0    2    0    0.25  
  0    3    0    0.25  

Printing data for DynRankView: basisgrads_Transformed
  i    j    k    n    value  
-----------------------------------------------------
  0    0    0    0    -5  
  0    0    0    1    -5  
  0    1    0    0    5  
  0    1    0    1    -5  
  0    2    0    0    5  
  0    2    0    1    5  
  0    3    0    0    -5  
  0    3    0    1    5  

Printing data for DynRankView: basisvals_Transformed
  i    j    k    value  
------------------------------------------
  0    0    0    0.25  
  0    1    0    0.25  
  0    2    0    0.25  
  0    3    0    0.25  

Printing data for DynRankView: basisgrads_Transformed
  i    j    k    n    value  
-----------------------------------------------------
  0    0    0    0    -5  
  0    0    0    1    -5  
  0    1    0    0    5  
  0    1    0    1    -5  
  0    2    0    0    5  
  0    2    0    1    5  
  0    3    0    0    -5  
  0    3    0    1    5  

Printing data for DynRankView: basisvals_Transformed
  i    j    k    value  
------------------------------------------
  0    0    0    0.25  
  0    1    0    0.25  
  0    2    0    0.25  
  0    3    0    0.25  

Printing data for DynRankView: basisgrads_Transformed
  i    j    k    n    value  
-----------------------------------------------------
  0    0    0    0    -5  
  0    0    0    1    -5  
  0    1    0    0    5  
  0    1    0    1    -5  
  0    2    0    0    5  
  0    2    0    1    5  
  0    3    0    0    -5  
  0    3    0    1    5  

		*******************************************************
		***** Problem: Epetra::CrsMatrix
		***** Preconditioned GMRES solution
		***** ML (L=2, IFPACK_pre0/IFPACK_post0, ~/Amesos_KLU_1)
		***** No scaling
		*******************************************************

                iter:    0           residual = 0.000000e+00


		Solution time: 0.000087 (sec.)
		total iterations: 0

*********************************************************
***** Iteration: 0
***** Scaled Norm of nonlinear residual: 1
*********************************************************

		*******************************************************
		***** Problem: Epetra::CrsMatrix
		***** Preconditioned GMRES solution
		***** ML (L=2, IFPACK_pre0/IFPACK_post0, ~/Amesos_KLU_1)
		***** No scaling
		*******************************************************

                iter:    0           residual = 1.000000e+00
                iter:    9           residual = 7.382902e-09


		Solution time: 0.000495 (sec.)
		total iterations: 9

*********************************************************
***** Iteration: 1
***** Scaled Norm of nonlinear residual: 5.97303e-09
*********************************************************
cresp = ===============================================================================
	 Container size = 8
	 Container rank = 3
	 Dimensions     =  (1)  (4)  (2) 
====================================================================================
|              Multi-index          Enumeration             Value                  |
====================================================================================
                     0 0 0                    0             -1.177784e-01  [ -2.629886e-03 -9.814867e-03 -3.662958e-02 -9.814867e-03 0.000000e+00 0.000000e+00 0.000000e+00 0.000000e+00 0.000000e+00 0.000000e+00 0.000000e+00 0.000000e+00 0.000000e+00 0.000000e+00 0.000000e+00 0.000000e+00 0.000000e+00 0.000000e+00 0.000000e+00 0.000000e+00 0.000000e+00 0.000000e+00 0.000000e+00 0.000000e+00 0.000000e+00 0.000000e+00 0.000000e+00 0.000000e+00 0.000000e+00 0.000000e+00 0.000000e+00 0.000000e+00 ]
                     0 0 1                    1             -1.177784e-01  [ -9.814867e-03 -2.629886e-03 -9.814867e-03 -3.662958e-02 0.000000e+00 0.000000e+00 0.000000e+00 0.000000e+00 0.000000e+00 0.000000e+00 0.000000e+00 0.000000e+00 0.000000e+00 0.000000e+00 0.000000e+00 0.000000e+00 0.000000e+00 0.000000e+00 0.000000e+00 0.000000e+00 0.000000e+00 0.000000e+00 0.000000e+00 0.000000e+00 0.000000e+00 0.000000e+00 0.000000e+00 0.000000e+00 0.000000e+00 0.000000e+00 0.000000e+00 0.000000e+00 ]
                     0 1 0                    2             -5.532188e-02  [ -1.235288e-03 -4.610157e-03 -1.720534e-02 -4.610157e-03 0.000000e+00 0.000000e+00 0.000000e+00 0.000000e+00 0.000000e+00 0.000000e+00 0.000000e+00 0.000000e+00 0.000000e+00 0.000000e+00 0.000000e+00 0.000000e+00 0.000000e+00 0.000000e+00 0.000000e+00 0.000000e+00 0.000000e+00 0.000000e+00 0.000000e+00 0.000000e+00 0.000000e+00 0.000000e+00 0.000000e+00 0.000000e+00 0.000000e+00 0.000000e+00 0.000000e+00 0.000000e+00 ]
                     0 1 1                    3             -5.532188e-02  [ -4.610157e-03 -1.235288e-03 -4.610157e-03 -1.720534e-02 0.000000e+00 0.000000e+00 0.000000e+00 0.000000e+00 0.000000e+00 0.000000e+00 0.000000e+00 0.000000e+00 0.000000e+00 0.000000e+00 0.000000e+00 0.000000e+00 0.000000e+00 0.000000e+00 0.000000e+00 0.000000e+00 0.000000e+00 0.000000e+00 0.000000e+00 0.000000e+00 0.000000e+00 0.000000e+00 0.000000e+00 0.000000e+00 0.000000e+00 0.000000e+00 0.000000e+00 0.000000e+00 ]
                     0 2 0                    4             -5.532188e-02  [ -1.235288e-03 -4.610157e-03 -1.720534e-02 -4.610157e-03 0.000000e+00 0.000000e+00 0.000000e+00 0.000000e+00 0.000000e+00 0.000000e+00 0.000000e+00 0.000000e+00 0.000000e+00 0.000000e+00 0.000000e+00 0.000000e+00 0.000000e+00 0.000000e+00 0.000000e+00 0.000000e+00 0.000000e+00 0.000000e+00 0.000000e+00 0.000000e+00 0.000000e+00 0.000000e+00 0.000000e+00 0.000000e+00 0.000000e+00 0.000000e+00 0.000000e+00 0.000000e+00 ]
                     0 2 1                    5             -5.532188e-02  [ -4.610157e-03 -1.235288e-03 -4.610157e-03 -1.720534e-02 0.000000e+00 0.000000e+00 0.000000e+00 0.000000e+00 0.000000e+00 0.000000e+00 0.000000e+00 0.000000e+00 0.000000e+00 0.000000e+00 0.000000e+00 0.000000e+00 0.000000e+00 0.000000e+00 0.000000e+00 0.000000e+00 0.000000e+00 0.000000e+00 0.000000e+00 0.000000e+00 0.000000e+00 0.000000e+00 0.000000e+00 0.000000e+00 0.000000e+00 0.000000e+00 0.000000e+00 0.000000e+00 ]
                     0 3 0                    6             -1.023503e+00  [ -2.285390e-02 -8.529192e-02 -3.183138e-01 -8.529192e-02 0.000000e+00 0.000000e+00 0.000000e+00 0.000000e+00 0.000000e+00 0.000000e+00 0.000000e+00 0.000000e+00 0.000000e+00 0.000000e+00 0.000000e+00 0.000000e+00 0.000000e+00 0.000000e+00 0.000000e+00 0.000000e+00 0.000000e+00 0.000000e+00 0.000000e+00 0.000000e+00 0.000000e+00 0.000000e+00 0.000000e+00 0.000000e+00 0.000000e+00 0.000000e+00 0.000000e+00 0.000000e+00 ]
                     0 3 1                    7             -1.023503e+00  [ -8.529192e-02 -2.285390e-02 -8.529192e-02 -3.183138e-01 0.000000e+00 0.000000e+00 0.000000e+00 0.000000e+00 0.000000e+00 0.000000e+00 0.000000e+00 0.000000e+00 0.000000e+00 0.000000e+00 0.000000e+00 0.000000e+00 0.000000e+00 0.000000e+00 0.000000e+00 0.000000e+00 0.000000e+00 0.000000e+00 0.000000e+00 0.000000e+00 0.000000e+00 0.000000e+00 0.000000e+00 0.000000e+00 0.000000e+00 0.000000e+00 0.000000e+00 0.000000e+00 ]
====================================================================================


cresp = ===============================================================================
	 Container size = 8
	 Container rank = 3
	 Dimensions     =  (1)  (4)  (2) 
====================================================================================
|              Multi-index          Enumeration             Value                  |
====================================================================================
                     0 0 0                    0             -1.177784e-01  [ -2.629886e-03 -9.814867e-03 -3.662958e-02 -9.814867e-03 0.000000e+00 0.000000e+00 0.000000e+00 0.000000e+00 0.000000e+00 0.000000e+00 0.000000e+00 0.000000e+00 0.000000e+00 0.000000e+00 0.000000e+00 0.000000e+00 0.000000e+00 0.000000e+00 0.000000e+00 0.000000e+00 0.000000e+00 0.000000e+00 0.000000e+00 0.000000e+00 0.000000e+00 0.000000e+00 0.000000e+00 0.000000e+00 0.000000e+00 0.000000e+00 0.000000e+00 0.000000e+00 ]
                     0 0 1                    1             -1.177784e-01  [ -9.814867e-03 -2.629886e-03 -9.814867e-03 -3.662958e-02 0.000000e+00 0.000000e+00 0.000000e+00 0.000000e+00 0.000000e+00 0.000000e+00 0.000000e+00 0.000000e+00 0.000000e+00 0.000000e+00 0.000000e+00 0.000000e+00 0.000000e+00 0.000000e+00 0.000000e+00 0.000000e+00 0.000000e+00 0.000000e+00 0.000000e+00 0.000000e+00 0.000000e+00 0.000000e+00 0.000000e+00 0.000000e+00 0.000000e+00 0.000000e+00 0.000000e+00 0.000000e+00 ]
                     0 1 0                    2             5.532188e-02   [ 1.235288e-03 4.610157e-03 1.720534e-02 4.610157e-03 0.000000e+00 0.000000e+00 0.000000e+00 0.000000e+00 0.000000e+00 0.000000e+00 0.000000e+00 0.000000e+00 0.000000e+00 0.000000e+00 0.000000e+00 0.000000e+00 0.000000e+00 0.000000e+00 0.000000e+00 0.000000e+00 0.000000e+00 0.000000e+00 0.000000e+00 0.000000e+00 0.000000e+00 0.000000e+00 0.000000e+00 0.000000e+00 0.000000e+00 0.000000e+00 0.000000e+00 0.000000e+00 ]
                     0 1 1                    3             5.532188e-02   [ 4.610157e-03 1.235288e-03 4.610157e-03 1.720534e-02 0.000000e+00 0.000000e+00 0.000000e+00 0.000000e+00 0.000000e+00 0.000000e+00 0.000000e+00 0.000000e+00 0.000000e+00 0.000000e+00 0.000000e+00 0.000000e+00 0.000000e+00 0.000000e+00 0.000000e+00 0.000000e+00 0.000000e+00 0.000000e+00 0.000000e+00 0.000000e+00 0.000000e+00 0.000000e+00 0.000000e+00 0.000000e+00 0.000000e+00 0.000000e+00 0.000000e+00 0.000000e+00 ]
                     0 2 0                    4             5.532188e-02   [ 1.235288e-03 4.610157e-03 1.720534e-02 4.610157e-03 0.000000e+00 0.000000e+00 0.000000e+00 0.000000e+00 0.000000e+00 0.000000e+00 0.000000e+00 0.000000e+00 0.000000e+00 0.000000e+00 0.000000e+00 0.000000e+00 0.000000e+00 0.000000e+00 0.000000e+00 0.000000e+00 0.000000e+00 0.000000e+00 0.000000e+00 0.000000e+00 0.000000e+00 0.000000e+00 0.000000e+00 0.000000e+00 0.000000e+00 0.000000e+00 0.000000e+00 0.000000e+00 ]
                     0 2 1                    5             5.532188e-02   [ 4.610157e-03 1.235288e-03 4.610157e-03 1.720534e-02 0.000000e+00 0.000000e+00 0.000000e+00 0.000000e+00 0.000000e+00 0.000000e+00 0.000000e+00 0.000000e+00 0.000000e+00 0.000000e+00 0.000000e+00 0.000000e+00 0.000000e+00 0.000000e+00 0.000000e+00 0.000000e+00 0.000000e+00 0.000000e+00 0.000000e+00 0.000000e+00 0.000000e+00 0.000000e+00 0.000000e+00 0.000000e+00 0.000000e+00 0.000000e+00 0.000000e+00 0.000000e+00 ]
                     0 3 0                    6             -1.023503e+00  [ -2.285390e-02 -8.529192e-02 -3.183138e-01 -8.529192e-02 0.000000e+00 0.000000e+00 0.000000e+00 0.000000e+00 0.000000e+00 0.000000e+00 0.000000e+00 0.000000e+00 0.000000e+00 0.000000e+00 0.000000e+00 0.000000e+00 0.000000e+00 0.000000e+00 0.000000e+00 0.000000e+00 0.000000e+00 0.000000e+00 0.000000e+00 0.000000e+00 0.000000e+00 0.000000e+00 0.000000e+00 0.000000e+00 0.000000e+00 0.000000e+00 0.000000e+00 0.000000e+00 ]
                     0 3 1                    7             -1.023503e+00  [ -8.529192e-02 -2.285390e-02 -8.529192e-02 -3.183138e-01 0.000000e+00 0.000000e+00 0.000000e+00 0.000000e+00 0.000000e+00 0.000000e+00 0.000000e+00 0.000000e+00 0.000000e+00 0.000000e+00 0.000000e+00 0.000000e+00 0.000000e+00 0.000000e+00 0.000000e+00 0.000000e+00 0.000000e+00 0.000000e+00 0.000000e+00 0.000000e+00 0.000000e+00 0.000000e+00 0.000000e+00 0.000000e+00 0.000000e+00 0.000000e+00 0.000000e+00 0.000000e+00 ]
====================================================================================


cresp = ===============================================================================
	 Container size = 8
	 Container rank = 3
	 Dimensions     =  (1)  (4)  (2) 
====================================================================================
|              Multi-index          Enumeration             Value                  |
====================================================================================
                     0 0 0                    0             7.971359e-03   [ 1.779933e-04 6.642799e-04 2.479126e-03 6.642799e-04 0.000000e+00 0.000000e+00 0.000000e+00 0.000000e+00 0.000000e+00 0.000000e+00 0.000000e+00 0.000000e+00 0.000000e+00 0.000000e+00 0.000000e+00 0.000000e+00 0.000000e+00 0.000000e+00 0.000000e+00 0.000000e+00 0.000000e+00 0.000000e+00 0.000000e+00 0.000000e+00 0.000000e+00 0.000000e+00 0.000000e+00 0.000000e+00 0.000000e+00 0.000000e+00 0.000000e+00 0.000000e+00 ]
                     0 0 1                    1             7.971359e-03   [ 6.642799e-04 1.779933e-04 6.642799e-04 2.479126e-03 0.000000e+00 0.000000e+00 0.000000e+00 0.000000e+00 0.000000e+00 0.000000e+00 0.000000e+00 0.000000e+00 0.000000e+00 0.000000e+00 0.000000e+00 0.000000e+00 0.000000e+00 0.000000e+00 0.000000e+00 0.000000e+00 0.000000e+00 0.000000e+00 0.000000e+00 0.000000e+00 0.000000e+00 0.000000e+00 0.000000e+00 0.000000e+00 0.000000e+00 0.000000e+00 0.000000e+00 0.000000e+00 ]
                     0 1 0                    2             1.628287e-02   [ 3.635818e-04 1.356906e-03 5.064041e-03 1.356906e-03 0.000000e+00 0.000000e+00 0.000000e+00 0.000000e+00 0.000000e+00 0.000000e+00 0.000000e+00 0.000000e+00 0.000000e+00 0.000000e+00 0.000000e+00 0.000000e+00 0.000000e+00 0.000000e+00 0.000000e+00 0.000000e+00 0.000000e+00 0.000000e+00 0.000000e+00 0.000000e+00 0.000000e+00 0.000000e+00 0.000000e+00 0.000000e+00 0.000000e+00 0.000000e+00 0.000000e+00 0.000000e+00 ]
                     0 1 1                    3             1.628287e-02   [ 1.356906e-03 3.635818e-04 1.356906e-03 5.064041e-03 0.000000e+00 0.000000e+00 0.000000e+00 0.000000e+00 0.000000e+00 0.000000e+00 0.000000e+00 0.000000e+00 0.000000e+00 0.000000e+00 0.000000e+00 0.000000e+00 0.000000e+00 0.000000e+00 0.000000e+00 0.000000e+00 0.000000e+00 0.000000e+00 0.000000e+00 0.000000e+00 0.000000e+00 0.000000e+00 0.000000e+00 0.000000e+00 0.000000e+00 0.000000e+00 0.000000e+00 0.000000e+00 ]
                     0 2 0                    4             1.628287e-02   [ 3.635818e-04 1.356906e-03 5.064041e-03 1.356906e-03 0.000000e+00 0.000000e+00 0.000000e+00 0.000000e+00 0.000000e+00 0.000000e+00 0.000000e+00 0.000000e+00 0.000000e+00 0.000000e+00 0.000000e+00 0.000000e+00 0.000000e+00 0.000000e+00 0.000000e+00 0.000000e+00 0.000000e+00 0.000000e+00 0.000000e+00 0.000000e+00 0.000000e+00 0.000000e+00 0.000000e+00 0.000000e+00 0.000000e+00 0.000000e+00 0.000000e+00 0.000000e+00 ]
                     0 2 1                    5             1.628287e-02   [ 1.356906e-03 3.635818e-04 1.356906e-03 5.064041e-03 0.000000e+00 0.000000e+00 0.000000e+00 0.000000e+00 0.000000e+00 0.000000e+00 0.000000e+00 0.000000e+00 0.000000e+00 0.000000e+00 0.000000e+00 0.000000e+00 0.000000e+00 0.000000e+00 0.000000e+00 0.000000e+00 0.000000e+00 0.000000e+00 0.000000e+00 0.000000e+00 0.000000e+00 0.000000e+00 0.000000e+00 0.000000e+00 0.000000e+00 0.000000e+00 0.000000e+00 0.000000e+00 ]
                     0 3 0                    6             -1.002241e+00  [ -2.237914e-02 -8.352008e-02 -3.117012e-01 -8.352008e-02 0.000000e+00 0.000000e+00 0.000000e+00 0.000000e+00 0.000000e+00 0.000000e+00 0.000000e+00 0.000000e+00 0.000000e+00 0.000000e+00 0.000000e+00 0.000000e+00 0.000000e+00 0.000000e+00 0.000000e+00 0.000000e+00 0.000000e+00 0.000000e+00 0.000000e+00 0.000000e+00 0.000000e+00 0.000000e+00 0.000000e+00 0.000000e+00 0.000000e+00 0.000000e+00 0.000000e+00 0.000000e+00 ]
                     0 3 1                    7             -1.002241e+00  [ -8.352008e-02 -2.237914e-02 -8.352008e-02 -3.117012e-01 0.000000e+00 0.000000e+00 0.000000e+00 0.000000e+00 0.000000e+00 0.000000e+00 0.000000e+00 0.000000e+00 0.000000e+00 0.000000e+00 0.000000e+00 0.000000e+00 0.000000e+00 0.000000e+00 0.000000e+00 0.000000e+00 0.000000e+00 0.000000e+00 0.000000e+00 0.000000e+00 0.000000e+00 0.000000e+00 0.000000e+00 0.000000e+00 0.000000e+00 0.000000e+00 0.000000e+00 0.000000e+00 ]
====================================================================================


cresp = ===============================================================================
	 Container size = 8
	 Container rank = 3
	 Dimensions     =  (1)  (4)  (2) 
====================================================================================
|              Multi-index          Enumeration             Value                  |
====================================================================================
                     0 0 0                    0             7.971361e-03   [ 1.779933e-04 6.642801e-04 2.479127e-03 6.642801e-04 0.000000e+00 0.000000e+00 0.000000e+00 0.000000e+00 0.000000e+00 0.000000e+00 0.000000e+00 0.000000e+00 0.000000e+00 0.000000e+00 0.000000e+00 0.000000e+00 0.000000e+00 0.000000e+00 0.000000e+00 0.000000e+00 0.000000e+00 0.000000e+00 0.000000e+00 0.000000e+00 0.000000e+00 0.000000e+00 0.000000e+00 0.000000e+00 0.000000e+00 0.000000e+00 0.000000e+00 0.000000e+00 ]
                     0 0 1                    1             7.971361e-03   [ 6.642801e-04 1.779933e-04 6.642801e-04 2.479127e-03 0.000000e+00 0.000000e+00 0.000000e+00 0.000000e+00 0.000000e+00 0.000000e+00 0.000000e+00 0.000000e+00 0.000000e+00 0.000000e+00 0.000000e+00 0.000000e+00 0.000000e+00 0.000000e+00 0.000000e+00 0.000000e+00 0.000000e+00 0.000000e+00 0.000000e+00 0.000000e+00 0.000000e+00 0.000000e+00 0.000000e+00 0.000000e+00 0.000000e+00 0.000000e+00 0.000000e+00 0.000000e+00 ]
                     0 1 0                    2             -1.628286e-02  [ -3.635817e-04 -1.356905e-03 -5.064040e-03 -1.356905e-03 0.000000e+00 0.000000e+00 0.000000e+00 0.000000e+00 0.000000e+00 0.000000e+00 0.000000e+00 0.000000e+00 0.000000e+00 0.000000e+00 0.000000e+00 0.000000e+00 0.000000e+00 0.000000e+00 0.000000e+00 0.000000e+00 0.000000e+00 0.000000e+00 0.000000e+00 0.000000e+00 0.000000e+00 0.000000e+00 0.000000e+00 0.000000e+00 0.000000e+00 0.000000e+00 0.000000e+00 0.000000e+00 ]
                     0 1 1                    3             -1.628286e-02  [ -1.356905e-03 -3.635817e-04 -1.356905e-03 -5.064040e-03 0.000000e+00 0.000000e+00 0.000000e+00 0.000000e+00 0.000000e+00 0.000000e+00 0.000000e+00 0.000000e+00 0.000000e+00 0.000000e+00 0.000000e+00 0.000000e+00 0.000000e+00 0.000000e+00 0.000000e+00 0.000000e+00 0.000000e+00 0.000000e+00 0.000000e+00 0.000000e+00 0.000000e+00 0.000000e+00 0.000000e+00 0.000000e+00 0.000000e+00 0.000000e+00 0.000000e+00 0.000000e+00 ]
                     0 2 0                    4             -1.628286e-02  [ -3.635817e-04 -1.356905e-03 -5.064040e-03 -1.356905e-03 0.000000e+00 0.000000e+00 0.000000e+00 0.000000e+00 0.000000e+00 0.000000e+00 0.000000e+00 0.000000e+00 0.000000e+00 0.000000e+00 0.000000e+00 0.000000e+00 0.000000e+00 0.000000e+00 0.000000e+00 0.000000e+00 0.000000e+00 0.000000e+00 0.000000e+00 0.000000e+00 0.000000e+00 0.000000e+00 0.000000e+00 0.000000e+00 0.000000e+00 0.000000e+00 0.000000e+00 0.000000e+00 ]
                     0 2 1                    5             -1.628286e-02  [ -1.356905e-03 -3.635817e-04 -1.356905e-03 -5.064040e-03 0.000000e+00 0.000000e+00 0.000000e+00 0.000000e+00 0.000000e+00 0.000000e+00 0.000000e+00 0.000000e+00 0.000000e+00 0.000000e+00 0.000000e+00 0.000000e+00 0.000000e+00 0.000000e+00 0.000000e+00 0.000000e+00 0.000000e+00 0.000000e+00 0.000000e+00 0.000000e+00 0.000000e+00 0.000000e+00 0.000000e+00 0.000000e+00 0.000000e+00 0.000000e+00 0.000000e+00 0.000000e+00 ]
                     0 3 0                    6             -1.002241e+00  [ -2.237914e-02 -8.352009e-02 -3.117012e-01 -8.352009e-02 0.000000e+00 0.000000e+00 0.000000e+00 0.000000e+00 0.000000e+00 0.000000e+00 0.000000e+00 0.000000e+00 0.000000e+00 0.000000e+00 0.000000e+00 0.000000e+00 0.000000e+00 0.000000e+00 0.000000e+00 0.000000e+00 0.000000e+00 0.000000e+00 0.000000e+00 0.000000e+00 0.000000e+00 0.000000e+00 0.000000e+00 0.000000e+00 0.000000e+00 0.000000e+00 0.000000e+00 0.000000e+00 ]
                     0 3 1                    7             -1.002241e+00  [ -8.352009e-02 -2.237914e-02 -8.352009e-02 -3.117012e-01 0.000000e+00 0.000000e+00 0.000000e+00 0.000000e+00 0.000000e+00 0.000000e+00 0.000000e+00 0.000000e+00 0.000000e+00 0.000000e+00 0.000000e+00 0.000000e+00 0.000000e+00 0.000000e+00 0.000000e+00 0.000000e+00 0.000000e+00 0.000000e+00 0.000000e+00 0.000000e+00 0.000000e+00 0.000000e+00 0.000000e+00 0.000000e+00 0.000000e+00 0.000000e+00 0.000000e+00 0.000000e+00 ]
====================================================================================



*********************************************************
***** Computing Responses ******
*********************************************************
cresp = ===============================================================================
	 Container size = 8
	 Container rank = 3
	 Dimensions     =  (1)  (4)  (2) 
====================================================================================
|              Multi-index          Enumeration             Value                  |
====================================================================================
                     0 0 0                    0             -1.177784e-01  [ -2.629886e-03 -9.814867e-03 -3.662958e-02 -9.814867e-03 0.000000e+00 0.000000e+00 0.000000e+00 0.000000e+00 0.000000e+00 0.000000e+00 0.000000e+00 0.000000e+00 0.000000e+00 0.000000e+00 0.000000e+00 0.000000e+00 0.000000e+00 0.000000e+00 0.000000e+00 0.000000e+00 0.000000e+00 0.000000e+00 0.000000e+00 0.000000e+00 0.000000e+00 0.000000e+00 0.000000e+00 0.000000e+00 0.000000e+00 0.000000e+00 0.000000e+00 0.000000e+00 ]
                     0 0 1                    1             -1.177784e-01  [ -9.814867e-03 -2.629886e-03 -9.814867e-03 -3.662958e-02 0.000000e+00 0.000000e+00 0.000000e+00 0.000000e+00 0.000000e+00 0.000000e+00 0.000000e+00 0.000000e+00 0.000000e+00 0.000000e+00 0.000000e+00 0.000000e+00 0.000000e+00 0.000000e+00 0.000000e+00 0.000000e+00 0.000000e+00 0.000000e+00 0.000000e+00 0.000000e+00 0.000000e+00 0.000000e+00 0.000000e+00 0.000000e+00 0.000000e+00 0.000000e+00 0.000000e+00 0.000000e+00 ]
                     0 1 0                    2             -5.532188e-02  [ -1.235288e-03 -4.610157e-03 -1.720534e-02 -4.610157e-03 0.000000e+00 0.000000e+00 0.000000e+00 0.000000e+00 0.000000e+00 0.000000e+00 0.000000e+00 0.000000e+00 0.000000e+00 0.000000e+00 0.000000e+00 0.000000e+00 0.000000e+00 0.000000e+00 0.000000e+00 0.000000e+00 0.000000e+00 0.000000e+00 0.000000e+00 0.000000e+00 0.000000e+00 0.000000e+00 0.000000e+00 0.000000e+00 0.000000e+00 0.000000e+00 0.000000e+00 0.000000e+00 ]
                     0 1 1                    3             -5.532188e-02  [ -4.610157e-03 -1.235288e-03 -4.610157e-03 -1.720534e-02 0.000000e+00 0.000000e+00 0.000000e+00 0.000000e+00 0.000000e+00 0.000000e+00 0.000000e+00 0.000000e+00 0.000000e+00 0.000000e+00 0.000000e+00 0.000000e+00 0.000000e+00 0.000000e+00 0.000000e+00 0.000000e+00 0.000000e+00 0.000000e+00 0.000000e+00 0.000000e+00 0.000000e+00 0.000000e+00 0.000000e+00 0.000000e+00 0.000000e+00 0.000000e+00 0.000000e+00 0.000000e+00 ]
                     0 2 0                    4             -5.532188e-02  [ -1.235288e-03 -4.610157e-03 -1.720534e-02 -4.610157e-03 0.000000e+00 0.000000e+00 0.000000e+00 0.000000e+00 0.000000e+00 0.000000e+00 0.000000e+00 0.000000e+00 0.000000e+00 0.000000e+00 0.000000e+00 0.000000e+00 0.000000e+00 0.000000e+00 0.000000e+00 0.000000e+00 0.000000e+00 0.000000e+00 0.000000e+00 0.000000e+00 0.000000e+00 0.000000e+00 0.000000e+00 0.000000e+00 0.000000e+00 0.000000e+00 0.000000e+00 0.000000e+00 ]
                     0 2 1                    5             -5.532188e-02  [ -4.610157e-03 -1.235288e-03 -4.610157e-03 -1.720534e-02 0.000000e+00 0.000000e+00 0.000000e+00 0.000000e+00 0.000000e+00 0.000000e+00 0.000000e+00 0.000000e+00 0.000000e+00 0.000000e+00 0.000000e+00 0.000000e+00 0.000000e+00 0.000000e+00 0.000000e+00 0.000000e+00 0.000000e+00 0.000000e+00 0.000000e+00 0.000000e+00 0.000000e+00 0.000000e+00 0.000000e+00 0.000000e+00 0.000000e+00 0.000000e+00 0.000000e+00 0.000000e+00 ]
                     0 3 0                    6             -1.023503e+00  [ -2.285390e-02 -8.529192e-02 -3.183138e-01 -8.529192e-02 0.000000e+00 0.000000e+00 0.000000e+00 0.000000e+00 0.000000e+00 0.000000e+00 0.000000e+00 0.000000e+00 0.000000e+00 0.000000e+00 0.000000e+00 0.000000e+00 0.000000e+00 0.000000e+00 0.000000e+00 0.000000e+00 0.000000e+00 0.000000e+00 0.000000e+00 0.000000e+00 0.000000e+00 0.000000e+00 0.000000e+00 0.000000e+00 0.000000e+00 0.000000e+00 0.000000e+00 0.000000e+00 ]
                     0 3 1                    7             -1.023503e+00  [ -8.529192e-02 -2.285390e-02 -8.529192e-02 -3.183138e-01 0.000000e+00 0.000000e+00 0.000000e+00 0.000000e+00 0.000000e+00 0.000000e+00 0.000000e+00 0.000000e+00 0.000000e+00 0.000000e+00 0.000000e+00 0.000000e+00 0.000000e+00 0.000000e+00 0.000000e+00 0.000000e+00 0.000000e+00 0.000000e+00 0.000000e+00 0.000000e+00 0.000000e+00 0.000000e+00 0.000000e+00 0.000000e+00 0.000000e+00 0.000000e+00 0.000000e+00 0.000000e+00 ]
====================================================================================


cresp = ===============================================================================
	 Container size = 8
	 Container rank = 3
	 Dimensions     =  (1)  (4)  (2) 
====================================================================================
|              Multi-index          Enumeration             Value                  |
====================================================================================
                     0 0 0                    0             -1.177784e-01  [ -2.629886e-03 -9.814867e-03 -3.662958e-02 -9.814867e-03 0.000000e+00 0.000000e+00 0.000000e+00 0.000000e+00 0.000000e+00 0.000000e+00 0.000000e+00 0.000000e+00 0.000000e+00 0.000000e+00 0.000000e+00 0.000000e+00 0.000000e+00 0.000000e+00 0.000000e+00 0.000000e+00 0.000000e+00 0.000000e+00 0.000000e+00 0.000000e+00 0.000000e+00 0.000000e+00 0.000000e+00 0.000000e+00 0.000000e+00 0.000000e+00 0.000000e+00 0.000000e+00 ]
                     0 0 1                    1             -1.177784e-01  [ -9.814867e-03 -2.629886e-03 -9.814867e-03 -3.662958e-02 0.000000e+00 0.000000e+00 0.000000e+00 0.000000e+00 0.000000e+00 0.000000e+00 0.000000e+00 0.000000e+00 0.000000e+00 0.000000e+00 0.000000e+00 0.000000e+00 0.000000e+00 0.000000e+00 0.000000e+00 0.000000e+00 0.000000e+00 0.000000e+00 0.000000e+00 0.000000e+00 0.000000e+00 0.000000e+00 0.000000e+00 0.000000e+00 0.000000e+00 0.000000e+00 0.000000e+00 0.000000e+00 ]
                     0 1 0                    2             5.532188e-02   [ 1.235288e-03 4.610157e-03 1.720534e-02 4.610157e-03 0.000000e+00 0.000000e+00 0.000000e+00 0.000000e+00 0.000000e+00 0.000000e+00 0.000000e+00 0.000000e+00 0.000000e+00 0.000000e+00 0.000000e+00 0.000000e+00 0.000000e+00 0.000000e+00 0.000000e+00 0.000000e+00 0.000000e+00 0.000000e+00 0.000000e+00 0.000000e+00 0.000000e+00 0.000000e+00 0.000000e+00 0.000000e+00 0.000000e+00 0.000000e+00 0.000000e+00 0.000000e+00 ]
                     0 1 1                    3             5.532188e-02   [ 4.610157e-03 1.235288e-03 4.610157e-03 1.720534e-02 0.000000e+00 0.000000e+00 0.000000e+00 0.000000e+00 0.000000e+00 0.000000e+00 0.000000e+00 0.000000e+00 0.000000e+00 0.000000e+00 0.000000e+00 0.000000e+00 0.000000e+00 0.000000e+00 0.000000e+00 0.000000e+00 0.000000e+00 0.000000e+00 0.000000e+00 0.000000e+00 0.000000e+00 0.000000e+00 0.000000e+00 0.000000e+00 0.000000e+00 0.000000e+00 0.000000e+00 0.000000e+00 ]
                     0 2 0                    4             5.532188e-02   [ 1.235288e-03 4.610157e-03 1.720534e-02 4.610157e-03 0.000000e+00 0.000000e+00 0.000000e+00 0.000000e+00 0.000000e+00 0.000000e+00 0.000000e+00 0.000000e+00 0.000000e+00 0.000000e+00 0.000000e+00 0.000000e+00 0.000000e+00 0.000000e+00 0.000000e+00 0.000000e+00 0.000000e+00 0.000000e+00 0.000000e+00 0.000000e+00 0.000000e+00 0.000000e+00 0.000000e+00 0.000000e+00 0.000000e+00 0.000000e+00 0.000000e+00 0.000000e+00 ]
                     0 2 1                    5             5.532188e-02   [ 4.610157e-03 1.235288e-03 4.610157e-03 1.720534e-02 0.000000e+00 0.000000e+00 0.000000e+00 0.000000e+00 0.000000e+00 0.000000e+00 0.000000e+00 0.000000e+00 0.000000e+00 0.000000e+00 0.000000e+00 0.000000e+00 0.000000e+00 0.000000e+00 0.000000e+00 0.000000e+00 0.000000e+00 0.000000e+00 0.000000e+00 0.000000e+00 0.000000e+00 0.000000e+00 0.000000e+00 0.000000e+00 0.000000e+00 0.000000e+00 0.000000e+00 0.000000e+00 ]
                     0 3 0                    6             -1.023503e+00  [ -2.285390e-02 -8.529192e-02 -3.183138e-01 -8.529192e-02 0.000000e+00 0.000000e+00 0.000000e+00 0.000000e+00 0.000000e+00 0.000000e+00 0.000000e+00 0.000000e+00 0.000000e+00 0.000000e+00 0.000000e+00 0.000000e+00 0.000000e+00 0.000000e+00 0.000000e+00 0.000000e+00 0.000000e+00 0.000000e+00 0.000000e+00 0.000000e+00 0.000000e+00 0.000000e+00 0.000000e+00 0.000000e+00 0.000000e+00 0.000000e+00 0.000000e+00 0.000000e+00 ]
                     0 3 1                    7             -1.023503e+00  [ -8.529192e-02 -2.285390e-02 -8.529192e-02 -3.183138e-01 0.000000e+00 0.000000e+00 0.000000e+00 0.000000e+00 0.000000e+00 0.000000e+00 0.000000e+00 0.000000e+00 0.000000e+00 0.000000e+00 0.000000e+00 0.000000e+00 0.000000e+00 0.000000e+00 0.000000e+00 0.000000e+00 0.000000e+00 0.000000e+00 0.000000e+00 0.000000e+00 0.000000e+00 0.000000e+00 0.000000e+00 0.000000e+00 0.000000e+00 0.000000e+00 0.000000e+00 0.000000e+00 ]
====================================================================================


cresp = ===============================================================================
	 Container size = 8
	 Container rank = 3
	 Dimensions     =  (1)  (4)  (2) 
====================================================================================
|              Multi-index          Enumeration             Value                  |
====================================================================================
                     0 0 0                    0             7.971359e-03   [ 1.779933e-04 6.642799e-04 2.479126e-03 6.642799e-04 0.000000e+00 0.000000e+00 0.000000e+00 0.000000e+00 0.000000e+00 0.000000e+00 0.000000e+00 0.000000e+00 0.000000e+00 0.000000e+00 0.000000e+00 0.000000e+00 0.000000e+00 0.000000e+00 0.000000e+00 0.000000e+00 0.000000e+00 0.000000e+00 0.000000e+00 0.000000e+00 0.000000e+00 0.000000e+00 0.000000e+00 0.000000e+00 0.000000e+00 0.000000e+00 0.000000e+00 0.000000e+00 ]
                     0 0 1                    1             7.971359e-03   [ 6.642799e-04 1.779933e-04 6.642799e-04 2.479126e-03 0.000000e+00 0.000000e+00 0.000000e+00 0.000000e+00 0.000000e+00 0.000000e+00 0.000000e+00 0.000000e+00 0.000000e+00 0.000000e+00 0.000000e+00 0.000000e+00 0.000000e+00 0.000000e+00 0.000000e+00 0.000000e+00 0.000000e+00 0.000000e+00 0.000000e+00 0.000000e+00 0.000000e+00 0.000000e+00 0.000000e+00 0.000000e+00 0.000000e+00 0.000000e+00 0.000000e+00 0.000000e+00 ]
                     0 1 0                    2             1.628287e-02   [ 3.635818e-04 1.356906e-03 5.064041e-03 1.356906e-03 0.000000e+00 0.000000e+00 0.000000e+00 0.000000e+00 0.000000e+00 0.000000e+00 0.000000e+00 0.000000e+00 0.000000e+00 0.000000e+00 0.000000e+00 0.000000e+00 0.000000e+00 0.000000e+00 0.000000e+00 0.000000e+00 0.000000e+00 0.000000e+00 0.000000e+00 0.000000e+00 0.000000e+00 0.000000e+00 0.000000e+00 0.000000e+00 0.000000e+00 0.000000e+00 0.000000e+00 0.000000e+00 ]
                     0 1 1                    3             1.628287e-02   [ 1.356906e-03 3.635818e-04 1.356906e-03 5.064041e-03 0.000000e+00 0.000000e+00 0.000000e+00 0.000000e+00 0.000000e+00 0.000000e+00 0.000000e+00 0.000000e+00 0.000000e+00 0.000000e+00 0.000000e+00 0.000000e+00 0.000000e+00 0.000000e+00 0.000000e+00 0.000000e+00 0.000000e+00 0.000000e+00 0.000000e+00 0.000000e+00 0.000000e+00 0.000000e+00 0.000000e+00 0.000000e+00 0.000000e+00 0.000000e+00 0.000000e+00 0.000000e+00 ]
                     0 2 0                    4             1.628287e-02   [ 3.635818e-04 1.356906e-03 5.064041e-03 1.356906e-03 0.000000e+00 0.000000e+00 0.000000e+00 0.000000e+00 0.000000e+00 0.000000e+00 0.000000e+00 0.000000e+00 0.000000e+00 0.000000e+00 0.000000e+00 0.000000e+00 0.000000e+00 0.000000e+00 0.000000e+00 0.000000e+00 0.000000e+00 0.000000e+00 0.000000e+00 0.000000e+00 0.000000e+00 0.000000e+00 0.000000e+00 0.000000e+00 0.000000e+00 0.000000e+00 0.000000e+00 0.000000e+00 ]
                     0 2 1                    5             1.628287e-02   [ 1.356906e-03 3.635818e-04 1.356906e-03 5.064041e-03 0.000000e+00 0.000000e+00 0.000000e+00 0.000000e+00 0.000000e+00 0.000000e+00 0.000000e+00 0.000000e+00 0.000000e+00 0.000000e+00 0.000000e+00 0.000000e+00 0.000000e+00 0.000000e+00 0.000000e+00 0.000000e+00 0.000000e+00 0.000000e+00 0.000000e+00 0.000000e+00 0.000000e+00 0.000000e+00 0.000000e+00 0.000000e+00 0.000000e+00 0.000000e+00 0.000000e+00 0.000000e+00 ]
                     0 3 0                    6             -1.002241e+00  [ -2.237914e-02 -8.352008e-02 -3.117012e-01 -8.352008e-02 0.000000e+00 0.000000e+00 0.000000e+00 0.000000e+00 0.000000e+00 0.000000e+00 0.000000e+00 0.000000e+00 0.000000e+00 0.000000e+00 0.000000e+00 0.000000e+00 0.000000e+00 0.000000e+00 0.000000e+00 0.000000e+00 0.000000e+00 0.000000e+00 0.000000e+00 0.000000e+00 0.000000e+00 0.000000e+00 0.000000e+00 0.000000e+00 0.000000e+00 0.000000e+00 0.000000e+00 0.000000e+00 ]
                     0 3 1                    7             -1.002241e+00  [ -8.352008e-02 -2.237914e-02 -8.352008e-02 -3.117012e-01 0.000000e+00 0.000000e+00 0.000000e+00 0.000000e+00 0.000000e+00 0.000000e+00 0.000000e+00 0.000000e+00 0.000000e+00 0.000000e+00 0.000000e+00 0.000000e+00 0.000000e+00 0.000000e+00 0.000000e+00 0.000000e+00 0.000000e+00 0.000000e+00 0.000000e+00 0.000000e+00 0.000000e+00 0.000000e+00 0.000000e+00 0.000000e+00 0.000000e+00 0.000000e+00 0.000000e+00 0.000000e+00 ]
====================================================================================


cresp = ===============================================================================
	 Container size = 8
	 Container rank = 3
	 Dimensions     =  (1)  (4)  (2) 
====================================================================================
|              Multi-index          Enumeration             Value                  |
====================================================================================
                     0 0 0                    0             7.971361e-03   [ 1.779933e-04 6.642801e-04 2.479127e-03 6.642801e-04 0.000000e+00 0.000000e+00 0.000000e+00 0.000000e+00 0.000000e+00 0.000000e+00 0.000000e+00 0.000000e+00 0.000000e+00 0.000000e+00 0.000000e+00 0.000000e+00 0.000000e+00 0.000000e+00 0.000000e+00 0.000000e+00 0.000000e+00 0.000000e+00 0.000000e+00 0.000000e+00 0.000000e+00 0.000000e+00 0.000000e+00 0.000000e+00 0.000000e+00 0.000000e+00 0.000000e+00 0.000000e+00 ]
                     0 0 1                    1             7.971361e-03   [ 6.642801e-04 1.779933e-04 6.642801e-04 2.479127e-03 0.000000e+00 0.000000e+00 0.000000e+00 0.000000e+00 0.000000e+00 0.000000e+00 0.000000e+00 0.000000e+00 0.000000e+00 0.000000e+00 0.000000e+00 0.000000e+00 0.000000e+00 0.000000e+00 0.000000e+00 0.000000e+00 0.000000e+00 0.000000e+00 0.000000e+00 0.000000e+00 0.000000e+00 0.000000e+00 0.000000e+00 0.000000e+00 0.000000e+00 0.000000e+00 0.000000e+00 0.000000e+00 ]
                     0 1 0                    2             -1.628286e-02  [ -3.635817e-04 -1.356905e-03 -5.064040e-03 -1.356905e-03 0.000000e+00 0.000000e+00 0.000000e+00 0.000000e+00 0.000000e+00 0.000000e+00 0.000000e+00 0.000000e+00 0.000000e+00 0.000000e+00 0.000000e+00 0.000000e+00 0.000000e+00 0.000000e+00 0.000000e+00 0.000000e+00 0.000000e+00 0.000000e+00 0.000000e+00 0.000000e+00 0.000000e+00 0.000000e+00 0.000000e+00 0.000000e+00 0.000000e+00 0.000000e+00 0.000000e+00 0.000000e+00 ]
                     0 1 1                    3             -1.628286e-02  [ -1.356905e-03 -3.635817e-04 -1.356905e-03 -5.064040e-03 0.000000e+00 0.000000e+00 0.000000e+00 0.000000e+00 0.000000e+00 0.000000e+00 0.000000e+00 0.000000e+00 0.000000e+00 0.000000e+00 0.000000e+00 0.000000e+00 0.000000e+00 0.000000e+00 0.000000e+00 0.000000e+00 0.000000e+00 0.000000e+00 0.000000e+00 0.000000e+00 0.000000e+00 0.000000e+00 0.000000e+00 0.000000e+00 0.000000e+00 0.000000e+00 0.000000e+00 0.000000e+00 ]
                     0 2 0                    4             -1.628286e-02  [ -3.635817e-04 -1.356905e-03 -5.064040e-03 -1.356905e-03 0.000000e+00 0.000000e+00 0.000000e+00 0.000000e+00 0.000000e+00 0.000000e+00 0.000000e+00 0.000000e+00 0.000000e+00 0.000000e+00 0.000000e+00 0.000000e+00 0.000000e+00 0.000000e+00 0.000000e+00 0.000000e+00 0.000000e+00 0.000000e+00 0.000000e+00 0.000000e+00 0.000000e+00 0.000000e+00 0.000000e+00 0.000000e+00 0.000000e+00 0.000000e+00 0.000000e+00 0.000000e+00 ]
                     0 2 1                    5             -1.628286e-02  [ -1.356905e-03 -3.635817e-04 -1.356905e-03 -5.064040e-03 0.000000e+00 0.000000e+00 0.000000e+00 0.000000e+00 0.000000e+00 0.000000e+00 0.000000e+00 0.000000e+00 0.000000e+00 0.000000e+00 0.000000e+00 0.000000e+00 0.000000e+00 0.000000e+00 0.000000e+00 0.000000e+00 0.000000e+00 0.000000e+00 0.000000e+00 0.000000e+00 0.000000e+00 0.000000e+00 0.000000e+00 0.000000e+00 0.000000e+00 0.000000e+00 0.000000e+00 0.000000e+00 ]
                     0 3 0                    6             -1.002241e+00  [ -2.237914e-02 -8.352009e-02 -3.117012e-01 -8.352009e-02 0.000000e+00 0.000000e+00 0.000000e+00 0.000000e+00 0.000000e+00 0.000000e+00 0.000000e+00 0.000000e+00 0.000000e+00 0.000000e+00 0.000000e+00 0.000000e+00 0.000000e+00 0.000000e+00 0.000000e+00 0.000000e+00 0.000000e+00 0.000000e+00 0.000000e+00 0.000000e+00 0.000000e+00 0.000000e+00 0.000000e+00 0.000000e+00 0.000000e+00 0.000000e+00 0.000000e+00 0.000000e+00 ]
                     0 3 1                    7             -1.002241e+00  [ -8.352009e-02 -2.237914e-02 -8.352009e-02 -3.117012e-01 0.000000e+00 0.000000e+00 0.000000e+00 0.000000e+00 0.000000e+00 0.000000e+00 0.000000e+00 0.000000e+00 0.000000e+00 0.000000e+00 0.000000e+00 0.000000e+00 0.000000e+00 0.000000e+00 0.000000e+00 0.000000e+00 0.000000e+00 0.000000e+00 0.000000e+00 0.000000e+00 0.000000e+00 0.000000e+00 0.000000e+00 0.000000e+00 0.000000e+00 0.000000e+00 0.000000e+00 0.000000e+00 ]
====================================================================================


responses = ===============================================================================
	 Container size = 16
	 Container rank = 3
	 Dimensions     =  (4)  (4)  (1) 
====================================================================================
|              Multi-index          Enumeration             Value                  |
====================================================================================
                     0 0 0                    0             -2.355568e-01 
                     0 1 0                    1             -1.106438e-01 
                     0 2 0                    2             -1.106438e-01 
                     0 3 0                    3             -2.047006e+00 
                     1 0 0                    4             -2.355568e-01 
                     1 1 0                    5             1.106438e-01  
                     1 2 0                    6             1.106438e-01  
                     1 3 0                    7             -2.047006e+00 
                     2 0 0                    8             1.594272e-02  
                     2 1 0                    9             3.256574e-02  
                     2 2 0                   10             3.256574e-02  
                     2 3 0                   11             -2.004482e+00 
                     3 0 0                   12             1.594272e-02  
                     3 1 0                   13             -3.256573e-02 
                     3 2 0                   14             -3.256573e-02 
                     3 3 0                   15             -2.004482e+00 
====================================================================================



*********************************************************
***** Writing the solution to output.exo
*********************************************************

*********************************************************
***** Finished Writing the solution to output.exo
*********************************************************
