Block Number: 0
Function Name:thermal source
Location: ip

Terms: 
    thermal_source(0)*(2*pi*pi*sin(pi*t)+pi*cos(pi*t))*sin(pi*x)*sin(pi*y)
    thermal_source(0)
    (2*pi*pi*sin(pi*t)+pi*cos(pi*t))
    sin(pi*x)
    sin(pi*y)
    2*pi*pi*sin(pi*t)+pi*cos(pi*t)
    pi*x
    pi*y
    2*pi*pi*sin(pi*t)
    pi*cos(pi*t)
    pi
    x
    y
    2
    sin(pi*t)
    cos(pi*t)
    pi*t
    pi*t
    t

First term information:

--------------------------------------------------
expression: thermal_source(0)*(2*pi*pi*sin(pi*t)+pi*cos(pi*t))*sin(pi*x)*sin(pi*y)
isAD: 1
isScalar: 0
scalarIndex: 0
isConstant: 0
isRoot: 0
isFunc: 0
beenDecomposed: 1
Block Number: 0
Function Name:thermal source
Location: ip

Terms: 
    thermal_source(0)*(2*pi*pi*sin(pi*t)+pi*cos(pi*t))*sin(pi*x)*sin(pi*y)
    thermal_source(0)
    (2*pi*pi*sin(pi*t)+pi*cos(pi*t))
    sin(pi*x)
    sin(pi*y)
    2*pi*pi*sin(pi*t)+pi*cos(pi*t)
    pi*x
    pi*y
    2*pi*pi*sin(pi*t)
    pi*cos(pi*t)
    pi
    x
    y
    2
    sin(pi*t)
    cos(pi*t)
    pi*t
    pi*t
    t
dep_list length: 4
dep_list[0]: 1
dep_list[1]: 2
dep_list[2]: 3
dep_list[3]: 4
dep_ops length: 4
dep_ops[0]: 
dep_ops[1]: times
dep_ops[2]: times
dep_ops[3]: times
data dims: 1  4
ddata dims: 0  0
--------------------------------------------------



Function Name:thermal diffusion
Location: ip

Terms: 
    1.0

First term information:

--------------------------------------------------
expression: 1.0
isAD: 0
isScalar: 1
scalarIndex: 0
isConstant: 1
isRoot: 1
isFunc: 0
beenDecomposed: 1
dep_list length: 0
dep_ops length: 0

First term information:

--------------------------------------------------
expression: thermal_source(0)*(2*pi*pi*sin(pi*t)+pi*cos(pi*t))*sin(pi*x)*sin(pi*y)
isAD: 1
isScalar: 0
scalarIndex: 0
isConstant: 0
isRoot: 0
isFunc: 0
beenDecomposed: 1
dep_list length: 4
dep_list[0]: 1
dep_list[1]: 2
dep_list[2]: 3
dep_list[3]: 4
dep_ops length: 4
dep_ops[0]: 
dep_ops[1]: times
dep_ops[2]: times
dep_ops[3]: times
data dims: 1  4
ddata dims: 0  0
--------------------------------------------------



Function Name:thermal diffusion
Location: ip

Terms: 
    1.0

data dims: 1  4
ddata dims: 1  4
--------------------------------------------------



Function Name:specific heat
Location: ip

Terms: 
    1.0

First term information:

--------------------------------------------------
expression: 1.0
isAD: 0
isScalar: 1
scalarIndex: 0
isConstant: 1
isRoot: 1
isFunc: 0
beenDecomposed: 1
dep_list length: 0
dep_ops length: 0
data dims: 1  4
ddata dims: 1  4
--------------------------------------------------



Function Name:density
Location: ip

Terms: 
    1.0

First term information:

--------------------------------------------------
expression: 1.0
isAD: 0
isScalar: 1
scalarIndex: 0
isConstant: 1
isRoot: 1
isFunc: 0
beenDecomposed: 1
dep_list length: 0
dep_ops length: 0
data dims: 1  4
ddata dims: 1  4
First term information:

--------------------------------------------------
expression: 1.0
isAD: 0
isScalar: 1
scalarIndex: 0
isConstant: 1
isRoot: 1
isFunc: 0
beenDecomposed: 1
dep_list length: 0
--------------------------------------------------



Function Name:thermal Neumann source
Location: side ip

Terms: 
    0.0

First term information:

--------------------------------------------------
expression: 0.0
isAD: 0
isScalar: 1
scalarIndex: 0
isConstant: 1
dep_ops length: 0
data dims: 1  4
ddata dims: 1  4
--------------------------------------------------



Function Name:specific heat
Location: ip

Terms: 
    1.0

First term information:

--------------------------------------------------
expression: 1.0
isAD: 0
isScalar: 1
isRoot: 1
isFunc: 0
beenDecomposed: 1
dep_list length: 0
dep_ops length: 0
data dims: 1  2
ddata dims: 1  2
--------------------------------------------------



Function Name:thermal diffusion
Location: side ip

Terms: 
    1.0

First term information:

--------------------------------------------------
expression: 1.0
isAD: 0
isScalar: 1
scalarIndex: 0
isConstant: 1
isRoot: 1
isFunc: 0
beenDecomposed: 1
dep_list length: 0
dep_ops length: 0
data dims: 1  2
scalarIndex: 0
isConstant: 1
isRoot: 1
isFunc: 0
beenDecomposed: 1
dep_list length: 0
dep_ops length: 0
data dims: 1  4
ddata dims: 1  4
--------------------------------------------------

ddata dims: 1  2
--------------------------------------------------



Function Name:robin alpha
Location: side ip

Terms: 
    0.0

First term information:

--------------------------------------------------
expression: 0.0
isAD: 0
isScalar: 1


Function Name:density
Location: ip

Terms: 
    1.0

First term information:

--------------------------------------------------
expression: 1.0
isAD: 0
isScalar: 1
scalarIndex: 0
isConstant: 1
isRoot: 1
isFunc: 0
beenDecomposed: 1
dep_list length: 0
scalarIndex: 0
isConstant: 1
isRoot: 1
isFunc: 0
beenDecomposed: 1
dep_list length: 0
dep_ops length: 0
data dims: 1  2
ddata dims: 1  2
--------------------------------------------------



Function Name:true e
Location: ip

Terms: 
    0.0

First term information:

--------------------------------------------------
expression: 0.0
isAD: 0
isScalar: 1
scalarIndex: 0
isConstant: 1
isRoot: 1
isFunc: 0
beenDecomposed: 1
dep_ops length: 0
data dims: 1  4
ddata dims: 1  4
--------------------------------------------------



Function Name:thermal Neumann source
Location: side ip

Terms: 
    0.0

dep_list length: 0
dep_ops length: 0
data dims: 1  4
ddata dims: 1  4
--------------------------------------------------



Function Name:true e_x
Location: ip

Terms: 
    0.0

First term information:

--------------------------------------------------
First term information:

--------------------------------------------------
expression: 0.0
isAD: 0
isScalar: 1
scalarIndex: 0
isConstant: 1
isRoot: 1
isFunc: 0
beenDecomposed: 1
dep_list length: 0
dep_ops length: 0
data dims: 1  2
ddata dims: 1  2
--------------------------------------------------
expression: 0.0
isAD: 0
isScalar: 1
scalarIndex: 0
isConstant: 1
isRoot: 1
isFunc: 0
beenDecomposed: 1
dep_list length: 0
dep_ops length: 0
data dims: 1  4
ddata dims: 1  4
--------------------------------------------------



Function Name:true e_y
Location: ip

Terms: 
    0.0

First term information:

--------------------------------------------------
expression: 0.0
Block Number: 0
Function Name:thermal source
Location: ip

Terms: 
    thermal_source(0)*(2*pi*pi*sin(pi*t)+pi*cos(pi*t))*sin(pi*x)*sin(pi*y)
    thermal_source(0)
    (2*pi*pi*sin(pi*t)+pi*cos(pi*t))
    sin(pi*x)
    sin(pi*y)
    2*pi*pi*sin(pi*t)+pi*cos(pi*t)
    pi*x
    pi*y
    2*pi*pi*sin(pi*t)
    pi*cos(pi*t)
    pi
    x
    y



Function Name:thermal diffusion
Location: side ip

Terms: 
    1.0

First term information:

--------------------------------------------------
expression: 1.0
isAD: 0
isScalar: 1
scalarIndex: 0
isConstant: 1
isAD: 0
isScalar: 1
scalarIndex: 0
isConstant: 1
isRoot: 1
isFunc: 0
beenDecomposed: 1
dep_list length: 0
dep_ops length: 0
data dims: 1  4
ddata dims: 1  4
--------------------------------------------------



Function Name:true e_z
Location: ip

Terms: 
    0.0

First term information:

    2
    sin(pi*t)
    cos(pi*t)
    pi*t
    pi*t
    t

First term information:

--------------------------------------------------
expression: thermal_source(0)*(2*pi*pi*sin(pi*t)+pi*cos(pi*t))*sin(pi*x)*sin(pi*y)
isRoot: 1
isFunc: 0
beenDecomposed: 1
dep_list length: 0
dep_ops length: 0
data dims: 1  2
ddata dims: 1  2
--------------------------------------------------



Function Name:robin alpha
Location: side ip
--------------------------------------------------
expression: 0.0
isAD: 0
isScalar: 1
scalarIndex: 0
isConstant: 1
isRoot: 1
isFunc: 0
beenDecomposed: 1
dep_list length: 0
dep_ops length: 0
data dims: 1  4
ddata dims: 1  4
--------------------------------------------------



Function Name:initial e
Location: ip

Terms: 
isAD: 1
isScalar: 0
scalarIndex: 0
isConstant: 0
isRoot: 0
isFunc: 0
beenDecomposed: 1
dep_list length: 4
dep_list[0]: 1
dep_list[1]: 2
dep_list[2]: 3
dep_list[3]: 4
dep_ops length: 4
dep_ops[0]: 
dep_ops[1]: times
dep_ops[2]: times
dep_ops[3]: times
data dims: 1  4
ddata dims: 0  0
--------------------------------------------------

Terms: 
    0.0

First term information:

--------------------------------------------------
expression: 0.0
isAD: 0
isScalar: 1
scalarIndex: 0
isConstant: 1
isRoot: 1
isFunc: 0
beenDecomposed: 1
dep_list length: 0
dep_ops length: 0
data dims: 1  2
ddata dims: 1  2
--------------------------------------------------



    0.0

First term information:

--------------------------------------------------
expression: 0.0
isAD: 0
isScalar: 1
scalarIndex: 0
isConstant: 1
isRoot: 1
isFunc: 0
beenDecomposed: 1
dep_list length: 0
dep_ops length: 0
data dims: 1  4
ddata dims: 1  4
--------------------------------------------------



Function Name:resp
Location: point

Terms: 
    e

First term information:

--------------------------------------------------
expression: e
isAD: 1
isScalar: 0
Block Number: 0
Function Name:thermal source
Location: ip

Terms: 
    thermal_source(0)*(2*pi*pi*sin(pi*t)+pi*cos(pi*t))*sin(pi*x)*sin(pi*y)
    thermal_source(0)
    (2*pi*pi*sin(pi*t)+pi*cos(pi*t))
    sin(pi*x)
    sin(pi*y)
    2*pi*pi*sin(pi*t)+pi*cos(pi*t)
    pi*x
    pi*y
    2*pi*pi*sin(pi*t)
    pi*cos(pi*t)
    pi
    x
    y
    2
    sin(pi*t)
    cos(pi*t)
    pi*t
    pi*t
    t

First term information:

--------------------------------------------------
expression: thermal_source(0)*(2*pi*pi*sin(pi*t)+pi*cos(pi*t))*sin(pi*x)*sin(pi*y)
isAD: 1
isScalar: 0



Function Name:thermal diffusion
Location: ip

Terms: 
    1.0

First term information:

--------------------------------------------------
expression: 1.0
isAD: 0
isScalar: 1
scalarIndex: 0
Function Name:true e
Location: ip

Terms: 
    0.0

First term information:

--------------------------------------------------
expression: 0.0
isAD: 0
isScalar: 1
scalarIndex: 0
isConstant: 1
isRoot: 1
scalarIndex: 0
isConstant: 0
isRoot: 1
isFunc: 0
beenDecomposed: 1
dep_list length: 0
dep_ops length: 0
data dims: 1  1
ddata dims: 0  0
--------------------------------------------------



Function Name:targ
Location: point

Terms: 
    2.0*pi*pi*sin(pi*x)*sin(pi*y)*sin(pi*t) - pi*sin(pi*x)*sin(pi*y)*cos(pi*t)
    2.0*pi*pi*sin(pi*x)*sin(pi*y)*sin(pi*t)
    pi*sin(pi*x)*sin(pi*y)*cos(pi*t)
    2.0
    pi
scalarIndex: 0
isConstant: 0
isRoot: 0
isFunc: 0
beenDecomposed: 1
dep_list length: 4
dep_list[0]: 1
dep_list[1]: 2
dep_list[2]: 3
dep_list[3]: 4
dep_ops length: 4
dep_ops[0]: 
isConstant: 1
isRoot: 1
isFunc: 0
beenDecomposed: 1
dep_list length: 0
dep_ops length: 0
data dims: 1  4
ddata dims: 1  4
--------------------------------------------------



Function Name:specific heat
Location: ip

Terms: 
    1.0

First term information:

--------------------------------------------------
expression: 1.0
isAD: 0
isScalar: 1
scalarIndex: 0
isConstant: 1
isRoot: 1
isFunc: 0
isFunc: 0
beenDecomposed: 1
dep_list length: 0
dep_ops length: 0
data dims: 1  4
ddata dims: 1  4
--------------------------------------------------



Function Name:true e_x
Location: ip

Terms: 
    0.0

First term information:

--------------------------------------------------
expression: 0.0
isAD: 0
isScalar: 1
scalarIndex: 0
isConstant: 1
isRoot: 1
isFunc: 0
beenDecomposed: 1
dep_list length: 0
dep_ops length: 0
    sin(pi*x)
    sin(pi*y)
    sin(pi*t)
    cos(pi*t)
    pi*x
    pi*y
    pi*t
    pi*t
    x
    y
    t

First term information:

--------------------------------------------------
expression: 2.0*pi*pi*sin(pi*x)*sin(pi*y)*sin(pi*t) - pi*sin(pi*x)*sin(pi*y)*cos(pi*t)
isAD: 0
isScalar: 0
scalarIndex: 0
isConstant: 0
isRoot: 0
isFunc: 0
beenDecomposed: 1
dep_list length: 2
dep_list[0]: 1
dep_list[1]: 2
dep_ops length: 2
dep_ops[0]: 
dep_ops[1]: minus
data dims: 1  1
ddata dims: 1  1
--------------------------------------------------



Function Name:wt
Location: point

Terms: 
    1.0

First term information:

--------------------------------------------------
dep_ops[1]: times
dep_ops[2]: times
dep_ops[3]: times
data dims: 1  4
ddata dims: 0  0
--------------------------------------------------



Function Name:thermal diffusion
Location: ip

Terms: 
    1.0

First term information:

--------------------------------------------------
expression: 1.0
isAD: 0
isScalar: 1
scalarIndex: 0
isConstant: 1
isRoot: 1
isFunc: 0
beenDecomposed: 1
dep_list length: 0
beenDecomposed: 1
dep_list length: 0
dep_ops length: 0
data dims: 1  4
ddata dims: 1  4
--------------------------------------------------



Function Name:density
Location: ip

Terms: 
data dims: 1  4
ddata dims: 1  4
--------------------------------------------------



Function Name:true e_y
Location: ip

Terms: 
    0.0

First term information:

--------------------------------------------------
expression: 1.0
isAD: 0
isScalar: 1
scalarIndex: 0
isConstant: 1
isRoot: 1
isFunc: 0
beenDecomposed: 1
dep_list length: 0
dep_ops length: 0
data dims: 1  1
ddata dims: 1  1
--------------------------------------------------



Function Name:thermal source
Location: point

Terms: 
dep_ops length: 0
data dims: 1  4
ddata dims: 1  4
--------------------------------------------------



Function Name:specific heat
Location: ip

Terms: 
    1.0

First term information:
    1.0

First term information:

--------------------------------------------------
expression: 1.0
isAD: 0
isScalar: 1
scalarIndex: 0
isConstant: 1
isRoot: 1
isFunc: 0
beenDecomposed: 1
dep_list length: 0
dep_ops length: 0
data dims: 1  4
ddata dims: 1  4
--------------------------------------------------



Function Name:thermal Neumann source
Location: side ip

Terms: 
    0.0
expression: 0.0
isAD: 0
isScalar: 1
scalarIndex: 0
isConstant: 1
isRoot: 1
isFunc: 0
beenDecomposed: 1
dep_list length: 0
dep_ops length: 0
data dims: 1  4
ddata dims: 1  4
--------------------------------------------------



Function Name:true e_z
Location: ip

Terms: 
    0.0

First term information:

--------------------------------------------------
expression: 0.0
    thermal_source(0)*(2*pi*pi*sin(pi*t)+pi*cos(pi*t))*sin(pi*x)*sin(pi*y)
    thermal_source(0)
    (2*pi*pi*sin(pi*t)+pi*cos(pi*t))
    sin(pi*x)
    sin(pi*y)
    2*pi*pi*sin(pi*t)+pi*cos(pi*t)
    pi*x
    pi*y
    2*pi*pi*sin(pi*t)
    pi*cos(pi*t)
    pi
    x
    y
    2
    sin(pi*t)
    cos(pi*t)
    pi*t
    pi*t
    t

First term information:

--------------------------------------------------
expression: thermal_source(0)*(2*pi*pi*sin(pi*t)+pi*cos(pi*t))*sin(pi*x)*sin(pi*y)
isAD: 1
isScalar: 0
scalarIndex: 0
isConstant: 0
isRoot: 0
isFunc: 0
beenDecomposed: 1
dep_list length: 4
dep_list[0]: 1
dep_list[1]: 2
dep_list[2]: 3
dep_list[3]: 4
dep_ops length: 4
dep_ops[0]: 

--------------------------------------------------
expression: 1.0
isAD: 0
isScalar: 1
scalarIndex: 0
isConstant: 1
isRoot: 1
isFunc: 0
beenDecomposed: 1
dep_list length: 0
dep_ops length: 0
data dims: 1  4
ddata dims: 1  4
--------------------------------------------------



Function Name:density
Location: ip

Terms: 
    1.0

First term information:


First term information:

--------------------------------------------------
expression: 0.0
isAD: 0
isScalar: 1
scalarIndex: 0
isConstant: 1
isRoot: 1
isFunc: 0
beenDecomposed: 1
dep_list length: 0
dep_ops length: 0
data dims: 1  2
ddata dims: 1  2
--------------------------------------------------

isAD: 0
isScalar: 1
scalarIndex: 0
isConstant: 1
isRoot: 1
isFunc: 0
beenDecomposed: 1
dep_list length: 0
dep_ops length: 0
data dims: 1  4
ddata dims: 1  4
--------------------------------------------------



Function Name:initial e
Location: ip

Terms: 
    0.0
dep_ops[1]: times
dep_ops[2]: times
dep_ops[3]: times
data dims: 1  1
ddata dims: 0  0
--------------------------------------------------



--------------------------------------------------
expression: 1.0
isAD: 0
isScalar: 1
scalarIndex: 0
isConstant: 1
isRoot: 1
isFunc: 0
beenDecomposed: 1
dep_list length: 0
dep_ops length: 0
data dims: 1  4
ddata dims: 1  4
--------------------------------------------------



Function Name:thermal Neumann source


Function Name:thermal diffusion
Location: side ip

Terms: 
    1.0

First term information:

--------------------------------------------------
expression: 1.0
isAD: 0
isScalar: 1
scalarIndex: 0
isConstant: 1
isRoot: 1
isFunc: 0
beenDecomposed: 1

First term information:

--------------------------------------------------
expression: 0.0
isAD: 0
isScalar: 1
scalarIndex: 0
isConstant: 1
isRoot: 1
isFunc: 0
beenDecomposed: 1
dep_list length: 0
dep_ops length: 0
data dims: 1  4
ddata dims: 1  4
--------------------------------------------------


Location: side ip

Terms: 
    0.0

First term information:

--------------------------------------------------
expression: 0.0
isAD: 0
isScalar: 1
scalarIndex: 0
isConstant: 1
isRoot: 1
isFunc: 0
beenDecomposed: 1
dep_list length: 0
dep_list length: 0
dep_ops length: 0
data dims: 1  2
ddata dims: 1  2
--------------------------------------------------



Function Name:robin alpha
Location: side ip

Terms: 
    0.0

First term information:

--------------------------------------------------
expression: 0.0
isAD: 0

Function Name:resp
Location: point

Terms: 
    e

First term information:

--------------------------------------------------
expression: e
isAD: 1
isScalar: 0
scalarIndex: 0
isConstant: 0
isRoot: 1
isFunc: 0
beenDecomposed: 1
dep_list length: 0
dep_ops length: 0
dep_ops length: 0
data dims: 1  2
ddata dims: 1  2
--------------------------------------------------



Function Name:thermal diffusion
Location: side ip

Terms: 
    1.0

First term information:

--------------------------------------------------
expression: 1.0
isAD: 0
isScalar: 1
scalarIndex: 0
isConstant: 1
isRoot: 1
isFunc: 0
beenDecomposed: 1
dep_list length: 0
dep_ops length: 0
data dims: 1  2
ddata dims: 1  2
isScalar: 1
scalarIndex: 0
isConstant: 1
isRoot: 1
isFunc: 0
beenDecomposed: 1
dep_list length: 0
dep_ops length: 0
data dims: 1  2
ddata dims: 1  2
--------------------------------------------------



Function Name:true e
Location: ip

Terms: 
data dims: 1  1
ddata dims: 0  0
--------------------------------------------------



Function Name:targ
Location: point

Terms: 
    2.0*pi*pi*sin(pi*x)*sin(pi*y)*sin(pi*t) - pi*sin(pi*x)*sin(pi*y)*cos(pi*t)
    2.0*pi*pi*sin(pi*x)*sin(pi*y)*sin(pi*t)
    pi*sin(pi*x)*sin(pi*y)*cos(pi*t)
    2.0
    pi
    sin(pi*x)
    sin(pi*y)
    sin(pi*t)
    cos(pi*t)
    0.0

First term information:

--------------------------------------------------
expression: 0.0
isAD: 0
isScalar: 1
scalarIndex: 0
isConstant: 1
isRoot: 1
    pi*x
    pi*y
    pi*t
    pi*t
    x
    y
    t

First term information:

--------------------------------------------------
expression: 2.0*pi*pi*sin(pi*x)*sin(pi*y)*sin(pi*t) - pi*sin(pi*x)*sin(pi*y)*cos(pi*t)
--------------------------------------------------



Function Name:robin alpha
Location: side ip

Terms: 
    0.0

First term information:

--------------------------------------------------
expression: 0.0
isAD: 0
isScalar: 1
scalarIndex: 0
isConstant: 1
isRoot: 1
isFunc: 0
beenDecomposed: 1
dep_list length: 0
dep_ops length: 0
data dims: 1  2
ddata dims: 1  2
--------------------------------------------------



Function Name:true e
Location: ip

Terms: 
    0.0

First term information:
isFunc: 0
beenDecomposed: 1
dep_list length: 0
dep_ops length: 0
data dims: 1  4
ddata dims: 1  4
--------------------------------------------------



Function Name:true e_x
Location: ip

Terms: 
    0.0

First term information:

--------------------------------------------------
expression: 0.0
isAD: 0
isScalar: 0
scalarIndex: 0
isConstant: 0
isRoot: 0
isFunc: 0
beenDecomposed: 1
dep_list length: 2
dep_list[0]: 1
dep_list[1]: 2
dep_ops length: 2
dep_ops[0]: 
dep_ops[1]: minus
data dims: 1  1
ddata dims: 1  1
--------------------------------------------------



isAD: 0
isScalar: 1
scalarIndex: 0
isConstant: 1
isRoot: 1
isFunc: 0
beenDecomposed: 1
dep_list length: 0
dep_ops length: 0
Function Name:wt
Location: point

Terms: 
    1.0

First term information:

--------------------------------------------------
expression: 1.0
isAD: 0
isScalar: 1

--------------------------------------------------
expression: 0.0
isAD: 0
isScalar: 1
scalarIndex: 0
isConstant: 1
isRoot: 1
isFunc: 0
beenDecomposed: 1
dep_list length: 0
dep_ops length: 0
data dims: 1  4
data dims: 1  4
ddata dims: 1  4
--------------------------------------------------



Function Name:true e_y
Location: ip

Terms: 
    0.0

First term information:

--------------------------------------------------
expression: 0.0
isAD: 0
isScalar: 1
scalarIndex: 0
isConstant: 1
isRoot: 1
isFunc: 0
scalarIndex: 0
isConstant: 1
isRoot: 1
isFunc: 0
beenDecomposed: 1
dep_list length: 0
dep_ops length: 0
data dims: 1  1
ddata dims: 1  1
--------------------------------------------------



Function Name:thermal source
Location: point

Terms: 
    thermal_source(0)*(2*pi*pi*sin(pi*t)+pi*cos(pi*t))*sin(pi*x)*sin(pi*y)
    thermal_source(0)
    (2*pi*pi*sin(pi*t)+pi*cos(pi*t))
ddata dims: 1  4
--------------------------------------------------



Function Name:true e_x
Location: ip

Terms: 
    0.0

First term information:

--------------------------------------------------
expression: 0.0
isAD: 0
isScalar: 1
scalarIndex: 0
isConstant: 1
isRoot: 1
isFunc: 0
beenDecomposed: 1
beenDecomposed: 1
dep_list length: 0
dep_ops length: 0
data dims: 1  4
ddata dims: 1  4
--------------------------------------------------



Function Name:true e_z
Location: ip

Terms: 
    0.0

First term information:

--------------------------------------------------
expression: 0.0
    sin(pi*x)
    sin(pi*y)
    2*pi*pi*sin(pi*t)+pi*cos(pi*t)
    pi*x
    pi*y
    2*pi*pi*sin(pi*t)
    pi*cos(pi*t)
    pi
    x
    y
    2
    sin(pi*t)
    cos(pi*t)
    pi*t
    pi*t
    t

First term information:

dep_list length: 0
dep_ops length: 0
data dims: 1  4
ddata dims: 1  4
--------------------------------------------------



Function Name:true e_y
Location: ip

Terms: 
    0.0

First term information:

--------------------------------------------------
expression: 0.0
isAD: 0
--------------------------------------------------
expression: thermal_source(0)*(2*pi*pi*sin(pi*t)+pi*cos(pi*t))*sin(pi*x)*sin(pi*y)
isAD: 1
isScalar: 0
scalarIndex: 0
isConstant: 0
isRoot: 0
isFunc: 0
beenDecomposed: 1
dep_list length: 4
dep_list[0]: 1
isScalar: 1
scalarIndex: 0
isConstant: 1
isRoot: 1
isFunc: 0
beenDecomposed: 1
dep_list length: 0
dep_ops length: 0
data dims: 1  4
ddata dims: 1  4
isAD: 0
isScalar: 1
scalarIndex: 0
isConstant: 1
isRoot: 1
isFunc: 0
beenDecomposed: 1
dep_list length: 0
dep_ops length: 0
data dims: 1  4
ddata dims: 1  4
--------------------------------------------------



Function Name:initial e
Location: ip

Terms: 
    0.0

First term information:

--------------------------------------------------
expression: 0.0
isAD: 0
isScalar: 1
scalarIndex: 0
isConstant: 1
isRoot: 1
isFunc: 0
beenDecomposed: 1
dep_list[1]: 2
dep_list[2]: 3
dep_list[3]: 4
dep_ops length: 4
dep_ops[0]: 
dep_ops[1]: times
dep_ops[2]: times
dep_ops[3]: times
data dims: 1  1
ddata dims: 0  0
--------------------------------------------------



--------------------------------------------------



Function Name:true e_z
Location: ip

Terms: 
    0.0

First term information:

--------------------------------------------------
expression: 0.0
isAD: 0
isScalar: 1
scalarIndex: 0
isConstant: 1
isRoot: 1
isFunc: 0
beenDecomposed: 1
dep_list length: 0
dep_list length: 0
dep_ops length: 0
data dims: 1  4
ddata dims: 1  4
--------------------------------------------------



Function Name:resp
Location: point

Terms: 
    e

First term information:

--------------------------------------------------
expression: e
isAD: 1
dep_ops length: 0
data dims: 1  4
ddata dims: 1  4
--------------------------------------------------



Function Name:initial e
Location: ip

Terms: 
    0.0

First term information:

--------------------------------------------------
expression: 0.0
isAD: 0
isScalar: 0
scalarIndex: 0
isConstant: 0
isRoot: 1
isFunc: 0
beenDecomposed: 1
dep_list length: 0
dep_ops length: 0
data dims: 1  1
ddata dims: 0  0
isScalar: 1
scalarIndex: 0
isConstant: 1
isRoot: 1
isFunc: 0
beenDecomposed: 1
dep_list length: 0
dep_ops length: 0
data dims: 1  4
ddata dims: 1  4
--------------------------------------------------



Function Name:targ
Location: point

Terms: 
    2.0*pi*pi*sin(pi*x)*sin(pi*y)*sin(pi*t) - pi*sin(pi*x)*sin(pi*y)*cos(pi*t)
    2.0*pi*pi*sin(pi*x)*sin(pi*y)*sin(pi*t)
    pi*sin(pi*x)*sin(pi*y)*cos(pi*t)
    2.0
    pi
    sin(pi*x)
    sin(pi*y)
    sin(pi*t)
    cos(pi*t)
    pi*x
--------------------------------------------------



Function Name:resp
Location: point

Terms: 
    e

First term information:

--------------------------------------------------
expression: e
isAD: 1
isScalar: 0
scalarIndex: 0
isConstant: 0
    pi*y
    pi*t
    pi*t
    x
    y
    t

First term information:

--------------------------------------------------
expression: 2.0*pi*pi*sin(pi*x)*sin(pi*y)*sin(pi*t) - pi*sin(pi*x)*sin(pi*y)*cos(pi*t)
isAD: 0
isScalar: 0
scalarIndex: 0
isConstant: 0
isRoot: 0
isFunc: 0
isRoot: 1
isFunc: 0
beenDecomposed: 1
dep_list length: 0
dep_ops length: 0
data dims: 1  1
ddata dims: 0  0
--------------------------------------------------



Function Name:targ
Location: point

Terms: 
    2.0*pi*pi*sin(pi*x)*sin(pi*y)*sin(pi*t) - pi*sin(pi*x)*sin(pi*y)*cos(pi*t)
    2.0*pi*pi*sin(pi*x)*sin(pi*y)*sin(pi*t)
beenDecomposed: 1
dep_list length: 2
dep_list[0]: 1
dep_list[1]: 2
dep_ops length: 2
dep_ops[0]: 
dep_ops[1]: minus
data dims: 1  1
ddata dims: 1  1
--------------------------------------------------



Function Name:wt
    pi*sin(pi*x)*sin(pi*y)*cos(pi*t)
    2.0
    pi
    sin(pi*x)
    sin(pi*y)
    sin(pi*t)
    cos(pi*t)
    pi*x
    pi*y
    pi*t
    pi*t
    x
    y
Location: point

Terms: 
    1.0

First term information:

--------------------------------------------------
expression: 1.0
isAD: 0
    t

First term information:

--------------------------------------------------
expression: 2.0*pi*pi*sin(pi*x)*sin(pi*y)*sin(pi*t) - pi*sin(pi*x)*sin(pi*y)*cos(pi*t)
isAD: 0
isScalar: 0
scalarIndex: 0
isConstant: 0
isRoot: 0
isScalar: 1
scalarIndex: 0
isConstant: 1
isRoot: 1
isFunc: 0
beenDecomposed: 1
dep_list length: 0
dep_ops length: 0
data dims: 1  1
ddata dims: 1  1
--------------------------------------------------



Function Name:thermal source
Location: point

isFunc: 0
beenDecomposed: 1
dep_list length: 2
dep_list[0]: 1
dep_list[1]: 2
dep_ops length: 2
dep_ops[0]: 
dep_ops[1]: minus
data dims: 1  1
ddata dims: 1  1
--------------------------------------------------



Function Name:wt
Location: point
Terms: 
    thermal_source(0)*(2*pi*pi*sin(pi*t)+pi*cos(pi*t))*sin(pi*x)*sin(pi*y)
    thermal_source(0)
    (2*pi*pi*sin(pi*t)+pi*cos(pi*t))
    sin(pi*x)
    sin(pi*y)
    2*pi*pi*sin(pi*t)+pi*cos(pi*t)
    pi*x
    pi*y
    2*pi*pi*sin(pi*t)
    pi*cos(pi*t)
    pi
    x
    y

Terms: 
    1.0

First term information:

--------------------------------------------------
expression: 1.0
isAD: 0
isScalar: 1
scalarIndex: 0
isConstant: 1
isRoot: 1
isFunc: 0
    2
    sin(pi*t)
    cos(pi*t)
    pi*t
    pi*t
    t

First term information:

--------------------------------------------------
expression: thermal_source(0)*(2*pi*pi*sin(pi*t)+pi*cos(pi*t))*sin(pi*x)*sin(pi*y)
beenDecomposed: 1
dep_list length: 0
dep_ops length: 0
data dims: 1  1
ddata dims: 1  1
--------------------------------------------------



Function Name:thermal source
isAD: 1
isScalar: 0
scalarIndex: 0
isConstant: 0
isRoot: 0
isFunc: 0
beenDecomposed: 1
dep_list length: 4
dep_list[0]: 1
dep_list[1]: 2
dep_list[2]: 3
dep_list[3]: 4
dep_ops length: 4
dep_ops[0]: 
Location: point

Terms: 
    thermal_source(0)*(2*pi*pi*sin(pi*t)+pi*cos(pi*t))*sin(pi*x)*sin(pi*y)
    thermal_source(0)
    (2*pi*pi*sin(pi*t)+pi*cos(pi*t))
    sin(pi*x)
    sin(pi*y)
    2*pi*pi*sin(pi*t)+pi*cos(pi*t)
    pi*x
    pi*y
    2*pi*pi*sin(pi*t)
    pi*cos(pi*t)
    pi
    x
    y
dep_ops[1]: times
dep_ops[2]: times
dep_ops[3]: times
data dims: 1  1
ddata dims: 0  0
--------------------------------------------------



    2
    sin(pi*t)
    cos(pi*t)
    pi*t
    pi*t
    t

First term information:

--------------------------------------------------
expression: thermal_source(0)*(2*pi*pi*sin(pi*t)+pi*cos(pi*t))*sin(pi*x)*sin(pi*y)
isAD: 1
isScalar: 0
scalarIndex: 0
isConstant: 0
isRoot: 0
isFunc: 0
beenDecomposed: 1
dep_list length: 4
dep_list[0]: 1
dep_list[1]: 2
dep_list[2]: 3
dep_list[3]: 4
dep_ops length: 4
dep_ops[0]: 
dep_ops[1]: times
dep_ops[2]: times
dep_ops[3]: times
data dims: 1  1
ddata dims: 0  0
--------------------------------------------------




		*******************************************************
		***** Problem: Epetra::CrsMatrix
		***** Preconditioned GMRES solution
		***** ML (L=1, ~/Amesos_KLU_0, )
		***** No scaling
		*******************************************************

                iter:    0           residual = 0.000000e+00


		Solution time: 0.000112 (sec.)
		total iterations: 0
***** Load Balancing Factor 1


*******************************************************

**** Beginning Time Step 0
**** Current time is 0.25

*******************************************************



*********************************************************
***** Iteration: 0
***** Scaled Norm of nonlinear residual: 1
*********************************************************

		*******************************************************
		***** Problem: Epetra::CrsMatrix
		***** Preconditioned GMRES solution
		***** ML (L=1, ~/Amesos_KLU_0, )
		***** No scaling
		*******************************************************

                iter:    0           residual = 1.000000e+00
                iter:    1           residual = 1.563495e-16


		Solution time: 0.000250 (sec.)
		total iterations: 1

*********************************************************
***** Iteration: 1
***** Scaled Norm of nonlinear residual: 7.30078e-16
*********************************************************
***** Load Balancing Factor 1


*******************************************************

**** Beginning Time Step 1
**** Current time is 0.5

*******************************************************



*********************************************************
***** Iteration: 0
***** Scaled Norm of nonlinear residual: 1
*********************************************************

		*******************************************************
		***** Problem: Epetra::CrsMatrix
		***** Preconditioned GMRES solution
		***** ML (L=1, ~/Amesos_KLU_0, )
		***** No scaling
		*******************************************************

                iter:    0           residual = 1.000000e+00
                iter:    1           residual = 3.428176e-16


		Solution time: 0.000282 (sec.)
		total iterations: 1

*********************************************************
***** Iteration: 1
***** Scaled Norm of nonlinear residual: 7.9737e-16
*********************************************************
***** Load Balancing Factor 1


*******************************************************

**** Beginning Time Step 2
**** Current time is 0.75

*******************************************************



*********************************************************
***** Iteration: 0
***** Scaled Norm of nonlinear residual: 1
*********************************************************

		*******************************************************
		***** Problem: Epetra::CrsMatrix
		***** Preconditioned GMRES solution
		***** ML (L=1, ~/Amesos_KLU_0, )
		***** No scaling
		*******************************************************

                iter:    0           residual = 1.000000e+00
                iter:    1           residual = 3.792171e-16


		Solution time: 0.000150 (sec.)
		total iterations: 1

*********************************************************
***** Iteration: 1
***** Scaled Norm of nonlinear residual: 8.42959e-16
*********************************************************
***** Load Balancing Factor 1


*******************************************************

**** Beginning Time Step 3
**** Current time is 1

*******************************************************



*********************************************************
***** Iteration: 0
***** Scaled Norm of nonlinear residual: 1
*********************************************************

		*******************************************************
		***** Problem: Epetra::CrsMatrix
		***** Preconditioned GMRES solution
		***** ML (L=1, ~/Amesos_KLU_0, )
		***** No scaling
		*******************************************************

                iter:    0           residual = 1.000000e+00
                iter:    1           residual = 2.060918e-16


		Solution time: 0.000121 (sec.)
		total iterations: 1

*********************************************************
***** Iteration: 1
***** Scaled Norm of nonlinear residual: 4.02301e-16
*********************************************************

*********************************************************
***** Performing verification ******

***** L2 norm of the error for e = 0  (time = 0)
***** L2 norm of the error for e = 0.326524  (time = 0.25)
***** L2 norm of the error for e = 0.451093  (time = 0.5)
***** L2 norm of the error for e = 0.309694  (time = 0.75)
***** L2 norm of the error for e = 0.0133983  (time = 1)
========================================================================================================================================================

                                                         TimeMonitor results over 4 processors

Timer Name                                                                 MinOverProcs      MeanOverProcs      MaxOverProcs      MeanOverCallCounts    
--------------------------------------------------------------------------------------------------------------------------------------------------------
Epetra_CrsMatrix::Multiply(TransA,X,Y)                                     0.00011 (13)      0.0001277 (13)     0.000139 (13)     9.827e-06 (13)        
MILO::cell::computeFlux - compute aux solution                             0 (0)             0 (0)              0 (0)             0 (0)                 
MILO::cell::computeFlux - gather solution                                  0 (0)             0 (0)              0 (0)             0 (0)                 
MILO::cell::computeFlux - physics evaluation                               0 (0)             0 (0)              0 (0)             0 (0)                 
MILO::cell::computeFlux - update wkset                                     0 (0)             0 (0)              0 (0)             0 (0)                 
MILO::cell::computeJacRes() - adjoint residual                             2e-06 (32)        3.75e-06 (32)      5e-06 (32)        1.172e-07 (32)        
MILO::cell::computeJacRes() - boundary residual                            0.000349 (32)     0.000623 (32)      0.000944 (32)     1.947e-05 (32)        
MILO::cell::computeJacRes() - fill local Jacobian                          1.4e-05 (32)      1.825e-05 (32)     2.1e-05 (32)      5.703e-07 (32)        
MILO::cell::computeJacRes() - fill local residual                          5e-06 (32)        9.25e-06 (32)      1.2e-05 (32)      2.891e-07 (32)        
MILO::cell::computeJacRes() - transient residual                           0.000991 (32)     0.001066 (32)      0.001137 (32)     3.331e-05 (32)        
--------------------------------------------------------------------------------------------------------------------------------------------------------
MILO::cell::computeJacRes() - volume residual                              0.000661 (32)     0.0007243 (32)     0.00078 (32)      2.263e-05 (32)        
MILO::cell::computeSolnSideIP()                                            0.000153 (16)     0.00028 (32)       0.000413 (48)     8.75e-06 (32)         
MILO::cell::computeSolnVolIP()                                             0.00083 (64)      0.000893 (64)      0.000976 (64)     1.395e-05 (64)        
MILO::function::decompose                                                  0.000246 (1)      0.0003438 (1)      0.000435 (1)      0.0003438 (1)         
MILO::function::evaluate                                                   0.001367 (520)    0.001422 (568)     0.00152 (616)     2.503e-06 (568)       
MILO::solver::computeJacRes() - boundary evaluation                        0 (0)             0 (0)              0 (0)             0 (0)                 
MILO::solver::computeJacRes() - fill complete                              0 (0)             0 (0)              0 (0)             0 (0)                 
MILO::solver::computeJacRes() - gather                                     9e-06 (8)         9.5e-06 (8)        1e-05 (8)         1.187e-06 (8)         
MILO::solver::computeJacRes() - insert                                     5.2e-05 (32)      6.975e-05 (32)     8.7e-05 (32)      2.18e-06 (32)         
MILO::solver::computeJacRes() - multiscale projection                      1.4e-05 (4)       2.45e-05 (4)       5.4e-05 (4)       6.125e-06 (4)         
--------------------------------------------------------------------------------------------------------------------------------------------------------
MILO::solver::computeJacRes() - physics evaluation                         0.002628 (32)     0.00299 (32)       0.003518 (32)     9.345e-05 (32)        
MILO::solver::computeJacRes() - strong Dirichlet BCs                       8.4e-05 (8)       0.0001367 (8)      0.000193 (8)      1.709e-05 (8)         
MILO::solver::computeJacRes() - total assembly                             0.002816 (8)      0.003256 (8)       0.003851 (8)      0.000407 (8)          
MILO::solver::linearSolver()                                               0.0273 (5)        0.02734 (5)        0.02739 (5)       0.005468 (5)          
MILO::thermal::boundaryResidual() - evaluation of residual                 0.000123 (16)     0.000203 (32)      0.000303 (48)     6.344e-06 (32)        
MILO::thermal::boundaryResidual() - function evaluation                    4.4e-05 (16)      9.275e-05 (32)     0.000169 (48)     2.898e-06 (32)        
MILO::thermal::computeFlux() - evaluation of flux                          0 (0)             0 (0)              0 (0)             0 (0)                 
MILO::thermal::computeFlux() - function evaluation                         0 (0)             0 (0)              0 (0)             0 (0)                 
MILO::thermal::volumeResidual() - evaluation of residual                   0.000397 (64)     0.0004125 (64)     0.000429 (64)     6.445e-06 (64)        
MILO::thermal::volumeResidual() - function evaluation                      0.000841 (64)     0.0009023 (64)     0.001011 (64)     1.41e-05 (64)         
--------------------------------------------------------------------------------------------------------------------------------------------------------
MILO::workset::computeParamSideIP                                          1e-06 (16)        2.5e-06 (32)       4e-06 (48)        7.813e-08 (32)        
MILO::workset::computeParamVolIP                                           5e-06 (64)        6e-06 (64)         8e-06 (64)        9.375e-08 (64)        
MILO::workset::computeSolnSideIP                                           2.1e-05 (16)      4.25e-05 (32)      6.3e-05 (48)      1.328e-06 (32)        
MILO::workset::computeSolnVolIP                                            0.000218 (84)     0.0002343 (84)     0.000247 (84)     2.789e-06 (84)        
MILO::workset::reset*                                                      0.000127 (244)    0.0001445 (276)    0.000164 (308)    5.236e-07 (276)       
MILO::workset::update - integration data                                   0.00028 (108)     0.0002903 (108)    0.000302 (108)    2.688e-06 (108)       
MILO::workset::update::HGRADTransformGrad                                  0.000236 (108)    0.0002482 (108)    0.00026 (108)     2.299e-06 (108)       
MILO::workset::update::multiplyMeasure                                     0.000351 (216)    0.0003835 (216)    0.000412 (216)    1.775e-06 (216)       
MILO::workset::updateSide - basis data                                     7.2e-05 (16)      0.000139 (32)      0.00021 (48)      4.344e-06 (32)        
MILO::workset::updateSide - integration data                               2.1e-05 (16)      4.35e-05 (32)      6.7e-05 (48)      1.359e-06 (32)        
--------------------------------------------------------------------------------------------------------------------------------------------------------
driver::total run time                                                     0.0353 (1)        0.03564 (1)        0.03614 (1)       0.03564 (1)           
driver::total setup and execution time                                     0.0813 (1)        0.08133 (1)        0.08136 (1)       0.08133 (1)           
panzer::DOFManager::buildGlobalUnknowns                                    0.002877 (1)      0.00291 (1)        0.002938 (1)      0.00291 (1)           
panzer::DOFManager::buildGlobalUnknowns::build_ghosted_array               3e-06 (1)         4.5e-06 (1)        5e-06 (1)         4.5e-06 (1)           
panzer::DOFManager::buildGlobalUnknowns::build_local_ids                   1.1e-05 (1)       1.325e-05 (1)      1.4e-05 (1)       1.325e-05 (1)         
panzer::DOFManager::buildGlobalUnknowns::build_orientation                 1e-05 (1)         1.25e-05 (1)       1.4e-05 (1)       1.25e-05 (1)          
panzer::DOFManager::buildGlobalUnknowns::build_owned_vector                1.8e-05 (1)       2.1e-05 (1)        2.3e-05 (1)       2.1e-05 (1)           
panzer::DOFManager::buildGlobalUnknowns_GUN                                0.001116 (1)      0.001126 (1)       0.001149 (1)      0.001126 (1)          
panzer::DOFManager::buildGlobalUnknowns_GUN::line_04 createOneToOne        0.000313 (1)      0.0003287 (1)      0.000344 (1)      0.0003287 (1)         
panzer::DOFManager::buildGlobalUnknowns_GUN::line_05 alloc_unique_mv       1.4e-05 (1)       1.8e-05 (1)        2.4e-05 (1)       1.8e-05 (1)           
--------------------------------------------------------------------------------------------------------------------------------------------------------
panzer::DOFManager::buildGlobalUnknowns_GUN::line_06 export                0.000318 (1)      0.00036 (1)        0.000386 (1)      0.00036 (1)           
panzer::DOFManager::buildGlobalUnknowns_GUN::line_07-09 local_count        9e-06 (1)         9.5e-06 (1)        1.1e-05 (1)       9.5e-06 (1)           
panzer::DOFManager::buildGlobalUnknowns_GUN::line_10 prefix_sum            8.7e-05 (1)       0.000239 (1)       0.000321 (1)      0.000239 (1)          
panzer::DOFManager::buildGlobalUnknowns_GUN::line_13-21 gid_assignment     3e-06 (1)         3.5e-06 (1)        4e-06 (1)         3.5e-06 (1)           
panzer::DOFManager::buildGlobalUnknowns_GUN::line_23 final_import          3.6e-05 (1)       0.0001257 (1)      0.00033 (1)       0.0001257 (1)         
panzer::DOFManager::buildTaggedMultiVector                                 0.000236 (1)      0.001295 (1)       0.001652 (1)      0.001295 (1)          
panzer::DOFManager::buildTaggedMultiVector::allocate_tagged_multivector    6.9e-05 (1)       7.65e-05 (1)       8.5e-05 (1)       7.65e-05 (1)          
panzer::DOFManager::buildTaggedMultiVector::fill_tagged_multivector        1.8e-05 (1)       1.95e-05 (1)       2.2e-05 (1)       1.95e-05 (1)          
panzer::DOFManager::builderOverlapMapFromElements                          9.4e-05 (1)       0.001164 (1)       0.001526 (1)      0.001164 (1)          
panzer::SquareQuadMeshFactory::buildUncomittedMesh()                       0.000162 (1)      0.0001692 (1)      0.000174 (1)      0.0001692 (1)         
--------------------------------------------------------------------------------------------------------------------------------------------------------
panzer::SquareQuadMeshFactory::completeMeshConstruction()                  0.007593 (1)      0.007597 (1)       0.007599 (1)      0.007597 (1)          
========================================================================================================================================================
