
*********************************************************
***** Performing verification ******

***** L2 norm of the error for e = 0.5  (time = 0)
***** L2 norm of the error for e = 0.00377826  (time = 0.1)
***** L2 norm of the error for e = 0.00263371  (time = 0.2)
***** L2 norm of the error for e = 0.00263146  (time = 0.3)
***** L2 norm of the error for e = 0.00263145  (time = 0.4)
***** Subgrid0: L2 norm of the error for e = 0.00156026  (time = 0)
***** Subgrid0: L2 norm of the error for e = 0.000858725  (time = 0.1)
***** Subgrid0: L2 norm of the error for e = 0.00085713  (time = 0.2)
***** Subgrid0: L2 norm of the error for e = 0.00085715  (time = 0.3)
***** Subgrid0: L2 norm of the error for e = 0.00085715  (time = 0.4)
***** Subgrid1: L2 norm of the error for e = 0.00106611  (time = 0)
***** Subgrid1: L2 norm of the error for e = 0.000628471  (time = 0.1)
***** Subgrid1: L2 norm of the error for e = 0.000627558  (time = 0.2)
***** Subgrid1: L2 norm of the error for e = 0.000627598  (time = 0.3)
***** Subgrid1: L2 norm of the error for e = 0.000627598  (time = 0.4)
***** Subgrid2: L2 norm of the error for e = 0.000862924  (time = 0)
***** Subgrid2: L2 norm of the error for e = 0.000438231  (time = 0.1)
***** Subgrid2: L2 norm of the error for e = 0.000437382  (time = 0.2)
***** Subgrid2: L2 norm of the error for e = 0.000437384  (time = 0.3)
***** Subgrid2: L2 norm of the error for e = 0.000437384  (time = 0.4)
