
Truncated CG Trust-Region solver with Limited-Memory BFGS Hessian approximation
  iter  value          gnorm          snorm          delta          #fval     #grad     tr_flag   iterCG    flagCG    
  0     2.067720e+00   5.285692e-01                  1.000000e+01   
  1     1.798199e+00   4.572944e-01   5.285692e-01   2.500000e+01   3         3         0         1         0         

Truncated CG Trust-Region solver with Limited-Memory BFGS Hessian approximation
  iter  value          gnorm          snorm          delta          #fval     #grad     tr_flag   iterCG    flagCG    
  0     2.067720e+00   5.285692e-01                  1.000000e+01   
  1     1.798199e+00   4.572944e-01   5.285692e-01   2.500000e+01   3         3         0         1         0         
param 0 = 3.00403
param 1 = 1
param 2 = 3.00693
param 3 = 1
param 4 = 3.00631
param 5 = 1
param 6 = 3.00613
param 7 = 1
param 8 = 3.00605
param 9 = 1
param 10 = 3.00603
param 11 = 1
param 12 = 3.00605
param 13 = 1
param 14 = 3.00613
param 15 = 1
param 16 = 3.00631
param 17 = 1
param 18 = 3.00693
param 19 = 1
param 20 = 3.00403
param 21 = 1
param 22 = 3.00731
param 23 = 1
param 24 = 3.01366
param 25 = 1
param 26 = 3.01282
param 27 = 1
param 28 = 3.01245
param 29 = 1
param 30 = 3.01229
param 31 = 1
param 32 = 3.01224
param 33 = 1
param 34 = 3.01229
param 35 = 1
param 36 = 3.01245
param 37 = 1
param 38 = 3.01282
param 39 = 1
param 40 = 3.01366
param 41 = 1
param 42 = 3.00731
param 43 = 1
param 44 = 3.00629
param 45 = 1
param 46 = 3.01302
param 47 = 1
param 48 = 3.01289
param 49 = 1
param 50 = 3.01262
param 51 = 1
param 52 = 3.01247
param 53 = 1
param 54 = 3.01242
param 55 = 1
param 56 = 3.01247
param 57 = 1
param 58 = 3.01262
param 59 = 1
param 60 = 3.01289
param 61 = 1
param 62 = 3.01302
param 63 = 1
param 64 = 3.00629
param 65 = 1
param 66 = 3.00577
param 67 = 1
param 68 = 3.01206
param 69 = 1
param 70 = 3.01236
param 71 = 1
param 72 = 3.01233
param 73 = 1
param 74 = 3.01225
param 75 = 1
param 76 = 3.01222
param 77 = 1
param 78 = 3.01225
param 79 = 1
param 80 = 3.01233
param 81 = 1
param 82 = 3.01236
param 83 = 1
param 84 = 3.01206
param 85 = 1
param 86 = 3.00577
param 87 = 1
param 88 = 3.0053
param 89 = 1
param 90 = 3.01103
param 91 = 1
param 92 = 3.01142
param 93 = 1
param 94 = 3.01155
param 95 = 1
param 96 = 3.01156
param 97 = 1
param 98 = 3.01156
param 99 = 1
param 100 = 3.01156
param 101 = 1
param 102 = 3.01155
param 103 = 1
param 104 = 3.01142
param 105 = 1
param 106 = 3.01103
param 107 = 1
param 108 = 3.0053
param 109 = 1
param 110 = 3.00477
param 111 = 1
param 112 = 3.00985
param 113 = 1
param 114 = 3.0102
param 115 = 1
param 116 = 3.01038
param 117 = 1
param 118 = 3.01045
param 119 = 1
param 120 = 3.01046
param 121 = 1
param 122 = 3.01045
param 123 = 1
param 124 = 3.01038
param 125 = 1
param 126 = 3.0102
param 127 = 1
param 128 = 3.00985
param 129 = 1
param 130 = 3.00477
param 131 = 1
param 132 = 3.00412
param 133 = 1
param 134 = 3.00845
param 135 = 1
param 136 = 3.00872
param 137 = 1
param 138 = 3.00888
param 139 = 1
param 140 = 3.00896
param 141 = 1
param 142 = 3.00898
param 143 = 1
param 144 = 3.00896
param 145 = 1
param 146 = 3.00888
param 147 = 1
param 148 = 3.00872
param 149 = 1
param 150 = 3.00845
param 151 = 1
param 152 = 3.00412
param 153 = 1
param 154 = 3.00333
param 155 = 1
param 156 = 3.00679
param 157 = 1
param 158 = 3.00696
param 159 = 1
param 160 = 3.00708
param 161 = 1
param 162 = 3.00716
param 163 = 1
param 164 = 3.00718
param 165 = 1
param 166 = 3.00716
param 167 = 1
param 168 = 3.00708
param 169 = 1
param 170 = 3.00696
param 171 = 1
param 172 = 3.00679
param 173 = 1
param 174 = 3.00333
param 175 = 1
param 176 = 3.00239
param 177 = 1
param 178 = 3.00484
param 179 = 1
param 180 = 3.00494
param 181 = 1
param 182 = 3.00503
param 183 = 1
param 184 = 3.00509
param 185 = 1
param 186 = 3.00511
param 187 = 1
param 188 = 3.00509
param 189 = 1
param 190 = 3.00503
param 191 = 1
param 192 = 3.00494
param 193 = 1
param 194 = 3.00484
param 195 = 1
param 196 = 3.00239
param 197 = 1
param 198 = 3.00129
param 199 = 1
param 200 = 3.00258
param 201 = 1
param 202 = 3.00265
param 203 = 1
param 204 = 3.00273
param 205 = 1
param 206 = 3.00278
param 207 = 1
param 208 = 3.00279
param 209 = 1
param 210 = 3.00278
param 211 = 1
param 212 = 3.00273
param 213 = 1
param 214 = 3.00265
param 215 = 1
param 216 = 3.00258
param 217 = 1
param 218 = 3.00129
param 219 = 1
param 220 = 3.00034
param 221 = 0.837558
param 222 = 3.00069
param 223 = 0.673017
param 224 = 3.00072
param 225 = 0.670667
param 226 = 3.00076
param 227 = 0.66934
param 228 = 3.00078
param 229 = 0.668717
param 230 = 3.00079
param 231 = 0.668541
param 232 = 3.00078
param 233 = 0.668717
param 234 = 3.00076
param 235 = 0.66934
param 236 = 3.00072
param 237 = 0.670667
param 238 = 3.00069
param 239 = 0.673017
param 240 = 3.00034
param 241 = 0.837558
