
Truncated CG Trust-Region Solver with Limited-Memory BFGS Hessian Approximation
Trust-Region Model: Kelley-Sachs
  iter  value          gnorm          snorm          delta          #fval     #grad     tr_flag   iterCG    flagCG    
  0     2.067720e+00   4.325471e-01                  1.000000e+01   
  1     1.719677e+00   3.921697e-01   4.325471e-01   2.500000e+01   3         3         0         1         0         

Truncated CG Trust-Region Solver with Limited-Memory BFGS Hessian Approximation
Trust-Region Model: Kelley-Sachs
  iter  value          gnorm          snorm          delta          #fval     #grad     tr_flag   iterCG    flagCG    
  0     2.067720e+00   4.325471e-01                  1.000000e+01   
  1     1.719677e+00   3.921697e-01   4.325471e-01   2.500000e+01   3         3         0         1         0         
param 0 = 3.00419
param 1 = 1
param 2 = 3.0072
param 3 = 1
param 4 = 3.00656
param 5 = 1
param 6 = 3.00637
param 7 = 1
param 8 = 3.00629
param 9 = 1
param 10 = 3.00627
param 11 = 1
param 12 = 3.00629
param 13 = 1
param 14 = 3.00637
param 15 = 1
param 16 = 3.00656
param 17 = 1
param 18 = 3.0072
param 19 = 1
param 20 = 3.00419
param 21 = 1
param 22 = 3.0076
param 23 = 1
param 24 = 3.0142
param 25 = 1
param 26 = 3.01332
param 27 = 1
param 28 = 3.01294
param 29 = 1
param 30 = 3.01277
param 31 = 1
param 32 = 3.01272
param 33 = 1
param 34 = 3.01277
param 35 = 1
param 36 = 3.01294
param 37 = 1
param 38 = 3.01332
param 39 = 1
param 40 = 3.0142
param 41 = 1
param 42 = 3.0076
param 43 = 1
param 44 = 3.00654
param 45 = 1
param 46 = 3.01353
param 47 = 1
param 48 = 3.0134
param 49 = 1
param 50 = 3.01312
param 51 = 1
param 52 = 3.01297
param 53 = 1
param 54 = 3.01292
param 55 = 1
param 56 = 3.01297
param 57 = 1
param 58 = 3.01312
param 59 = 1
param 60 = 3.0134
param 61 = 1
param 62 = 3.01353
param 63 = 1
param 64 = 3.00654
param 65 = 1
param 66 = 3.00599
param 67 = 1
param 68 = 3.01253
param 69 = 1
param 70 = 3.01285
param 71 = 1
param 72 = 3.01282
param 73 = 1
param 74 = 3.01274
param 75 = 1
param 76 = 3.01271
param 77 = 1
param 78 = 3.01274
param 79 = 1
param 80 = 3.01282
param 81 = 1
param 82 = 3.01285
param 83 = 1
param 84 = 3.01253
param 85 = 1
param 86 = 3.00599
param 87 = 1
param 88 = 3.0055
param 89 = 1
param 90 = 3.01146
param 91 = 1
param 92 = 3.01187
param 93 = 1
param 94 = 3.01201
param 95 = 1
param 96 = 3.01203
param 97 = 1
param 98 = 3.01203
param 99 = 1
param 100 = 3.01203
param 101 = 1
param 102 = 3.01201
param 103 = 1
param 104 = 3.01187
param 105 = 1
param 106 = 3.01146
param 107 = 1
param 108 = 3.0055
param 109 = 1
param 110 = 3.00495
param 111 = 1
param 112 = 3.01023
param 113 = 1
param 114 = 3.0106
param 115 = 1
param 116 = 3.0108
param 117 = 1
param 118 = 3.01087
param 119 = 1
param 120 = 3.01089
param 121 = 1
param 122 = 3.01087
param 123 = 1
param 124 = 3.0108
param 125 = 1
param 126 = 3.0106
param 127 = 1
param 128 = 3.01023
param 129 = 1
param 130 = 3.00495
param 131 = 1
param 132 = 3.00427
param 133 = 1
param 134 = 3.00877
param 135 = 1
param 136 = 3.00906
param 137 = 1
param 138 = 3.00924
param 139 = 1
param 140 = 3.00933
param 141 = 1
param 142 = 3.00935
param 143 = 1
param 144 = 3.00933
param 145 = 1
param 146 = 3.00924
param 147 = 1
param 148 = 3.00906
param 149 = 1
param 150 = 3.00877
param 151 = 1
param 152 = 3.00427
param 153 = 1
param 154 = 3.00345
param 155 = 1
param 156 = 3.00704
param 157 = 1
param 158 = 3.00724
param 159 = 1
param 160 = 3.00737
param 161 = 1
param 162 = 3.00745
param 163 = 1
param 164 = 3.00748
param 165 = 1
param 166 = 3.00745
param 167 = 1
param 168 = 3.00737
param 169 = 1
param 170 = 3.00724
param 171 = 1
param 172 = 3.00704
param 173 = 1
param 174 = 3.00345
param 175 = 1
param 176 = 3.00247
param 177 = 1
param 178 = 3.00501
param 179 = 1
param 180 = 3.00513
param 181 = 1
param 182 = 3.00523
param 183 = 1
param 184 = 3.0053
param 185 = 1
param 186 = 3.00532
param 187 = 1
param 188 = 3.0053
param 189 = 1
param 190 = 3.00523
param 191 = 1
param 192 = 3.00513
param 193 = 1
param 194 = 3.00501
param 195 = 1
param 196 = 3.00247
param 197 = 1
param 198 = 3.00132
param 199 = 0.965158
param 200 = 3.00268
param 201 = 0.930152
param 202 = 3.00276
param 203 = 0.929641
param 204 = 3.00284
param 205 = 0.929339
param 206 = 3.00289
param 207 = 0.929193
param 208 = 3.00291
param 209 = 0.929151
param 210 = 3.00289
param 211 = 0.929193
param 212 = 3.00284
param 213 = 0.929339
param 214 = 3.00276
param 215 = 0.929641
param 216 = 3.00268
param 217 = 0.930152
param 218 = 3.00132
param 219 = 0.965158
param 220 = 3.00035
param 221 = 0.869969
param 222 = 3.00071
param 223 = 0.739324
param 224 = 3.00075
param 225 = 0.737417
param 226 = 3.00079
param 227 = 0.73629
param 228 = 3.00081
param 229 = 0.735745
param 230 = 3.00082
param 231 = 0.735588
param 232 = 3.00081
param 233 = 0.735745
param 234 = 3.00079
param 235 = 0.73629
param 236 = 3.00075
param 237 = 0.737417
param 238 = 3.00071
param 239 = 0.739324
param 240 = 3.00035
param 241 = 0.869969
